<?xml version="1.0" encoding="UTF-8" ?>
<testsuites name="vitest tests" tests="371" failures="0" errors="0" time="1.019971054">
    <testsuite name="tests/integration/main-ipc.test.ts" timestamp="2025-07-05T04:27:07.892Z" hostname="DESKTOP-HR2BSFJ" tests="31" failures="0" errors="0" skipped="0" time="0.012815408">
        <testcase classname="tests/integration/main-ipc.test.ts" name="Main Process IPC Integration Tests &gt; Settings IPC Handlers &gt; should handle settings:get" time="0.001293712">
        </testcase>
        <testcase classname="tests/integration/main-ipc.test.ts" name="Main Process IPC Integration Tests &gt; Settings IPC Handlers &gt; should handle settings:update" time="0.000273504">
        </testcase>
        <testcase classname="tests/integration/main-ipc.test.ts" name="Main Process IPC Integration Tests &gt; Settings IPC Handlers &gt; should handle settings:reset" time="0.000241229">
        </testcase>
        <testcase classname="tests/integration/main-ipc.test.ts" name="Main Process IPC Integration Tests &gt; Settings IPC Handlers &gt; should handle settings:export" time="0.000599818">
        </testcase>
        <testcase classname="tests/integration/main-ipc.test.ts" name="Main Process IPC Integration Tests &gt; Settings IPC Handlers &gt; should handle settings:import" time="0.000464761">
        </testcase>
        <testcase classname="tests/integration/main-ipc.test.ts" name="Main Process IPC Integration Tests &gt; Settings IPC Handlers &gt; should handle invalid JSON in settings:import" time="0.000612441">
        </testcase>
        <testcase classname="tests/integration/main-ipc.test.ts" name="Main Process IPC Integration Tests &gt; LLM Provider IPC Handlers &gt; should handle llm:test-provider with healthy provider" time="0.000605063">
        </testcase>
        <testcase classname="tests/integration/main-ipc.test.ts" name="Main Process IPC Integration Tests &gt; LLM Provider IPC Handlers &gt; should handle llm:test-provider with unhealthy provider" time="0.000261115">
        </testcase>
        <testcase classname="tests/integration/main-ipc.test.ts" name="Main Process IPC Integration Tests &gt; LLM Provider IPC Handlers &gt; should handle llm:test-provider with missing provider" time="0.000223635">
        </testcase>
        <testcase classname="tests/integration/main-ipc.test.ts" name="Main Process IPC Integration Tests &gt; LLM Provider IPC Handlers &gt; should handle llm:get-models successfully" time="0.00046084">
        </testcase>
        <testcase classname="tests/integration/main-ipc.test.ts" name="Main Process IPC Integration Tests &gt; LLM Provider IPC Handlers &gt; should handle llm:get-models with error" time="0.000225383">
        </testcase>
        <testcase classname="tests/integration/main-ipc.test.ts" name="Main Process IPC Integration Tests &gt; LLM Provider IPC Handlers &gt; should handle llm:send-message successfully" time="0.00023749">
        </testcase>
        <testcase classname="tests/integration/main-ipc.test.ts" name="Main Process IPC Integration Tests &gt; LLM Provider IPC Handlers &gt; should handle llm:send-message with error" time="0.000231699">
        </testcase>
        <testcase classname="tests/integration/main-ipc.test.ts" name="Main Process IPC Integration Tests &gt; LLM Provider IPC Handlers &gt; should handle llm:get-status successfully" time="0.000266883">
        </testcase>
        <testcase classname="tests/integration/main-ipc.test.ts" name="Main Process IPC Integration Tests &gt; MCP Server IPC Handlers &gt; should handle mcp:add-server successfully" time="0.000779656">
        </testcase>
        <testcase classname="tests/integration/main-ipc.test.ts" name="Main Process IPC Integration Tests &gt; MCP Server IPC Handlers &gt; should handle mcp:add-server with error" time="0.00017674">
        </testcase>
        <testcase classname="tests/integration/main-ipc.test.ts" name="Main Process IPC Integration Tests &gt; MCP Server IPC Handlers &gt; should handle mcp:remove-server successfully" time="0.000163735">
        </testcase>
        <testcase classname="tests/integration/main-ipc.test.ts" name="Main Process IPC Integration Tests &gt; MCP Server IPC Handlers &gt; should handle mcp:update-server successfully" time="0.000243131">
        </testcase>
        <testcase classname="tests/integration/main-ipc.test.ts" name="Main Process IPC Integration Tests &gt; MCP Server IPC Handlers &gt; should handle mcp:get-servers successfully" time="0.000131044">
        </testcase>
        <testcase classname="tests/integration/main-ipc.test.ts" name="Main Process IPC Integration Tests &gt; Permission IPC Handlers &gt; should handle permissions:get-pending" time="0.000180013">
        </testcase>
        <testcase classname="tests/integration/main-ipc.test.ts" name="Main Process IPC Integration Tests &gt; Permission IPC Handlers &gt; should handle permissions:respond successfully" time="0.000271096">
        </testcase>
        <testcase classname="tests/integration/main-ipc.test.ts" name="Main Process IPC Integration Tests &gt; Permission IPC Handlers &gt; should handle permissions:respond with failure" time="0.000162592">
        </testcase>
        <testcase classname="tests/integration/main-ipc.test.ts" name="Main Process IPC Integration Tests &gt; Permission IPC Handlers &gt; should handle permissions:get-all" time="0.00034498">
        </testcase>
        <testcase classname="tests/integration/main-ipc.test.ts" name="Main Process IPC Integration Tests &gt; Permission IPC Handlers &gt; should handle permissions:revoke successfully" time="0.000314621">
        </testcase>
        <testcase classname="tests/integration/main-ipc.test.ts" name="Main Process IPC Integration Tests &gt; Permission IPC Handlers &gt; should handle permissions:clear-session" time="0.000249544">
        </testcase>
        <testcase classname="tests/integration/main-ipc.test.ts" name="Main Process IPC Integration Tests &gt; Permission IPC Handlers &gt; should handle permissions:update-settings" time="0.000252876">
        </testcase>
        <testcase classname="tests/integration/main-ipc.test.ts" name="Main Process IPC Integration Tests &gt; Permission IPC Handlers &gt; should handle permissions:get-settings" time="0.000240171">
        </testcase>
        <testcase classname="tests/integration/main-ipc.test.ts" name="Main Process IPC Integration Tests &gt; Error Handling &gt; should handle unexpected errors in handlers" time="0.000414931">
        </testcase>
        <testcase classname="tests/integration/main-ipc.test.ts" name="Main Process IPC Integration Tests &gt; Error Handling &gt; should handle non-Error objects thrown" time="0.000193756">
        </testcase>
        <testcase classname="tests/integration/main-ipc.test.ts" name="Main Process IPC Integration Tests &gt; Cross-Module Integration &gt; should handle full workflow: add provider, test, and send message" time="0.000349525">
        </testcase>
        <testcase classname="tests/integration/main-ipc.test.ts" name="Main Process IPC Integration Tests &gt; Cross-Module Integration &gt; should handle MCP server and permissions workflow" time="0.000696737">
        </testcase>
    </testsuite>
    <testsuite name="tests/integration/mcp-integration.test.ts" timestamp="2025-07-05T04:27:07.901Z" hostname="DESKTOP-HR2BSFJ" tests="7" failures="0" errors="0" skipped="0" time="0.031947345">
        <testcase classname="tests/integration/mcp-integration.test.ts" name="MCP Integration Tests &gt; Complete Server Lifecycle &gt; should handle complete server lifecycle from creation to destruction" time="0.010146646">
            <system-out>
🔍 Race condition check for startServer on integration-test-server: {
  hasLock: [33mfalse[39m,
  serverExists: [33mfalse[39m,
  currentState: [1mnull[22m,
  totalServers: [33m0[39m,
  activeLocks: [33m0[39m
}
🔒 Acquired operation lock for server integration-test-server

🚀 Starting MCP server: Integration Test Server (integration-test-server)

MCP server ready: Integration Test Server {
  tools: [
    {
      name: [32m&apos;test-tool&apos;[39m,
      description: [32m&apos;A test tool&apos;[39m,
      inputSchema: [36m[Object][39m
    }
  ]
}

Discovered tools for integration-test-server: [33m1[39m [ [32m&apos;test-tool&apos;[39m ]

Discovered resources for integration-test-server: [33m1[39m

Discovered prompts for integration-test-server: [33m1[39m

✅ Successfully started MCP server: Integration Test Server
🔓 Released operation lock for server integration-test-server

Executing tool test-tool on server integration-test-server { args: { testParam: [32m&apos;value&apos;[39m } }

Tool execution completed for test-tool { result: { result: [32m&apos;Tool executed successfully&apos;[39m } }

Reading resource file://test.txt from server integration-test-server

Resource read completed for file://test.txt

Executing prompt test-prompt on server integration-test-server { args: { context: [32m&apos;test&apos;[39m } }

Prompt execution completed for test-prompt

Subscribed to resource file://test.txt on integration-test-server

🔍 Race condition check for stopServer on integration-test-server: {
  hasLock: [33mfalse[39m,
  serverExists: [33mtrue[39m,
  currentState: [32m&apos;ready&apos;[39m,
  totalServers: [33m1[39m,
  activeLocks: [33m0[39m
}
🔒 Acquired operation lock for server integration-test-server

🛑 Stopping MCP server: Integration Test Server (integration-test-server)

✅ Successfully stopped MCP server: Integration Test Server
🔓 Released operation lock for server integration-test-server

            </system-out>
        </testcase>
        <testcase classname="tests/integration/mcp-integration.test.ts" name="MCP Integration Tests &gt; Complete Server Lifecycle &gt; should handle server failure and recovery" time="0.004143604">
            <system-out>
🔍 Race condition check for startServer on integration-test-server: {
  hasLock: [33mfalse[39m,
  serverExists: [33mfalse[39m,
  currentState: [1mnull[22m,
  totalServers: [33m0[39m,
  activeLocks: [33m0[39m
}
🔒 Acquired operation lock for server integration-test-server

🚀 Starting MCP server: Integration Test Server (integration-test-server)

🔓 Released operation lock for server integration-test-server

🔍 Race condition check for stopServer on integration-test-server: {
  hasLock: [33mfalse[39m,
  serverExists: [33mtrue[39m,
  currentState: [32m&apos;failed&apos;[39m,
  totalServers: [33m1[39m,
  activeLocks: [33m0[39m
}
🔒 Acquired operation lock for server integration-test-server

🛑 Stopping MCP server: Integration Test Server (integration-test-server)
✅ Successfully stopped MCP server: Integration Test Server
🔓 Released operation lock for server integration-test-server

🔍 Race condition check for startServer on integration-test-server: {
  hasLock: [33mfalse[39m,
  serverExists: [33mfalse[39m,
  currentState: [1mnull[22m,
  totalServers: [33m0[39m,
  activeLocks: [33m0[39m
}
🔒 Acquired operation lock for server integration-test-server

🚀 Starting MCP server: Integration Test Server (integration-test-server)

MCP server ready: Integration Test Server {
  tools: [
    {
      name: [32m&apos;test-tool&apos;[39m,
      description: [32m&apos;A test tool&apos;[39m,
      inputSchema: [36m[Object][39m
    }
  ]
}

Discovered tools for integration-test-server: [33m1[39m [ [32m&apos;test-tool&apos;[39m ]

Discovered resources for integration-test-server: [33m1[39m

Discovered prompts for integration-test-server: [33m1[39m

✅ Successfully started MCP server: Integration Test Server
🔓 Released operation lock for server integration-test-server

🔍 Race condition check for stopServer on integration-test-server: {
  hasLock: [33mfalse[39m,
  serverExists: [33mtrue[39m,
  currentState: [32m&apos;ready&apos;[39m,
  totalServers: [33m1[39m,
  activeLocks: [33m0[39m
}
🔒 Acquired operation lock for server integration-test-server

🛑 Stopping MCP server: Integration Test Server (integration-test-server)

✅ Successfully stopped MCP server: Integration Test Server
🔓 Released operation lock for server integration-test-server

            </system-out>
        </testcase>
        <testcase classname="tests/integration/mcp-integration.test.ts" name="MCP Integration Tests &gt; Error Handling and Edge Cases &gt; should handle tool execution errors gracefully" time="0.004033714">
            <system-out>
🔍 Race condition check for startServer on integration-test-server: {
  hasLock: [33mfalse[39m,
  serverExists: [33mfalse[39m,
  currentState: [1mnull[22m,
  totalServers: [33m0[39m,
  activeLocks: [33m0[39m
}
🔒 Acquired operation lock for server integration-test-server

🚀 Starting MCP server: Integration Test Server (integration-test-server)

MCP server ready: Integration Test Server {
  tools: [
    {
      name: [32m&apos;test-tool&apos;[39m,
      description: [32m&apos;A test tool&apos;[39m,
      inputSchema: [36m[Object][39m
    }
  ]
}

Discovered tools for integration-test-server: [33m1[39m [ [32m&apos;test-tool&apos;[39m ]

Discovered resources for integration-test-server: [33m1[39m

Discovered prompts for integration-test-server: [33m1[39m

✅ Successfully started MCP server: Integration Test Server
🔓 Released operation lock for server integration-test-server

Executing tool test-tool on server integration-test-server { args: {} }

🔍 Race condition check for stopServer on integration-test-server: {
  hasLock: [33mfalse[39m,
  serverExists: [33mtrue[39m,
  currentState: [32m&apos;ready&apos;[39m,
  totalServers: [33m1[39m,
  activeLocks: [33m0[39m
}
🔒 Acquired operation lock for server integration-test-server

🛑 Stopping MCP server: Integration Test Server (integration-test-server)

✅ Successfully stopped MCP server: Integration Test Server
🔓 Released operation lock for server integration-test-server

            </system-out>
        </testcase>
        <testcase classname="tests/integration/mcp-integration.test.ts" name="MCP Integration Tests &gt; Error Handling and Edge Cases &gt; should handle resource reading errors" time="0.002629944">
            <system-out>
🔍 Race condition check for startServer on integration-test-server: {
  hasLock: [33mfalse[39m,
  serverExists: [33mfalse[39m,
  currentState: [1mnull[22m,
  totalServers: [33m0[39m,
  activeLocks: [33m0[39m
}
🔒 Acquired operation lock for server integration-test-server

🚀 Starting MCP server: Integration Test Server (integration-test-server)

MCP server ready: Integration Test Server {
  tools: [
    {
      name: [32m&apos;test-tool&apos;[39m,
      description: [32m&apos;A test tool&apos;[39m,
      inputSchema: [36m[Object][39m
    }
  ]
}

Discovered tools for integration-test-server: [33m1[39m [ [32m&apos;test-tool&apos;[39m ]

Discovered resources for integration-test-server: [33m1[39m

Discovered prompts for integration-test-server: [33m1[39m

✅ Successfully started MCP server: Integration Test Server
🔓 Released operation lock for server integration-test-server

Reading resource file://nonexistent.txt from server integration-test-server

🔍 Race condition check for stopServer on integration-test-server: {
  hasLock: [33mfalse[39m,
  serverExists: [33mtrue[39m,
  currentState: [32m&apos;ready&apos;[39m,
  totalServers: [33m1[39m,
  activeLocks: [33m0[39m
}
🔒 Acquired operation lock for server integration-test-server

🛑 Stopping MCP server: Integration Test Server (integration-test-server)

✅ Successfully stopped MCP server: Integration Test Server
🔓 Released operation lock for server integration-test-server

            </system-out>
        </testcase>
        <testcase classname="tests/integration/mcp-integration.test.ts" name="MCP Integration Tests &gt; Error Handling and Edge Cases &gt; should handle server process crashes" time="0.0024419">
            <system-out>
🔍 Race condition check for startServer on integration-test-server: {
  hasLock: [33mfalse[39m,
  serverExists: [33mfalse[39m,
  currentState: [1mnull[22m,
  totalServers: [33m0[39m,
  activeLocks: [33m0[39m
}
🔒 Acquired operation lock for server integration-test-server

🚀 Starting MCP server: Integration Test Server (integration-test-server)

MCP server ready: Integration Test Server {
  tools: [
    {
      name: [32m&apos;test-tool&apos;[39m,
      description: [32m&apos;A test tool&apos;[39m,
      inputSchema: [36m[Object][39m
    }
  ]
}

Discovered tools for integration-test-server: [33m1[39m [ [32m&apos;test-tool&apos;[39m ]

Discovered resources for integration-test-server: [33m1[39m

Discovered prompts for integration-test-server: [33m1[39m

✅ Successfully started MCP server: Integration Test Server
🔓 Released operation lock for server integration-test-server

🔍 Race condition check for stopServer on integration-test-server: {
  hasLock: [33mfalse[39m,
  serverExists: [33mtrue[39m,
  currentState: [32m&apos;ready&apos;[39m,
  totalServers: [33m1[39m,
  activeLocks: [33m0[39m
}
🔒 Acquired operation lock for server integration-test-server

🛑 Stopping MCP server: Integration Test Server (integration-test-server)

✅ Successfully stopped MCP server: Integration Test Server
🔓 Released operation lock for server integration-test-server

            </system-out>
        </testcase>
        <testcase classname="tests/integration/mcp-integration.test.ts" name="MCP Integration Tests &gt; Resource Subscription Management &gt; should handle resource subscription lifecycle" time="0.003185268">
            <system-out>
🔍 Race condition check for startServer on integration-test-server: {
  hasLock: [33mfalse[39m,
  serverExists: [33mfalse[39m,
  currentState: [1mnull[22m,
  totalServers: [33m0[39m,
  activeLocks: [33m0[39m
}
🔒 Acquired operation lock for server integration-test-server

🚀 Starting MCP server: Integration Test Server (integration-test-server)

MCP server ready: Integration Test Server {
  tools: [
    {
      name: [32m&apos;test-tool&apos;[39m,
      description: [32m&apos;A test tool&apos;[39m,
      inputSchema: [36m[Object][39m
    }
  ]
}

Discovered tools for integration-test-server: [33m1[39m [ [32m&apos;test-tool&apos;[39m ]

Discovered resources for integration-test-server: [33m1[39m

Discovered prompts for integration-test-server: [33m1[39m

✅ Successfully started MCP server: Integration Test Server
🔓 Released operation lock for server integration-test-server

Subscribed to resource file://dynamic-resource.txt on integration-test-server

Unsubscribed from resource file://dynamic-resource.txt on integration-test-server

🔍 Race condition check for stopServer on integration-test-server: {
  hasLock: [33mfalse[39m,
  serverExists: [33mtrue[39m,
  currentState: [32m&apos;ready&apos;[39m,
  totalServers: [33m1[39m,
  activeLocks: [33m0[39m
}
🔒 Acquired operation lock for server integration-test-server

🛑 Stopping MCP server: Integration Test Server (integration-test-server)

✅ Successfully stopped MCP server: Integration Test Server
🔓 Released operation lock for server integration-test-server

            </system-out>
        </testcase>
        <testcase classname="tests/integration/mcp-integration.test.ts" name="MCP Integration Tests &gt; Performance and Concurrency &gt; should handle concurrent tool executions" time="0.00380528">
            <system-out>
🔍 Race condition check for startServer on integration-test-server: {
  hasLock: [33mfalse[39m,
  serverExists: [33mfalse[39m,
  currentState: [1mnull[22m,
  totalServers: [33m0[39m,
  activeLocks: [33m0[39m
}
🔒 Acquired operation lock for server integration-test-server

🚀 Starting MCP server: Integration Test Server (integration-test-server)

MCP server ready: Integration Test Server {
  tools: [
    {
      name: [32m&apos;test-tool&apos;[39m,
      description: [32m&apos;A test tool&apos;[39m,
      inputSchema: [36m[Object][39m
    }
  ]
}

Discovered tools for integration-test-server: [33m1[39m [ [32m&apos;test-tool&apos;[39m ]

Discovered resources for integration-test-server: [33m1[39m

Discovered prompts for integration-test-server: [33m1[39m

✅ Successfully started MCP server: Integration Test Server
🔓 Released operation lock for server integration-test-server

Executing tool test-tool on server integration-test-server { args: { index: [33m0[39m } }

Tool execution completed for test-tool { result: { result: [32m&apos;Tool executed successfully&apos;[39m } }

Executing tool test-tool on server integration-test-server { args: { index: [33m1[39m } }

Tool execution completed for test-tool { result: { result: [32m&apos;Tool executed successfully&apos;[39m } }

Executing tool test-tool on server integration-test-server { args: { index: [33m2[39m } }

Tool execution completed for test-tool { result: { result: [32m&apos;Tool executed successfully&apos;[39m } }

🔍 Race condition check for stopServer on integration-test-server: {
  hasLock: [33mfalse[39m,
  serverExists: [33mtrue[39m,
  currentState: [32m&apos;ready&apos;[39m,
  totalServers: [33m1[39m,
  activeLocks: [33m0[39m
}
🔒 Acquired operation lock for server integration-test-server

🛑 Stopping MCP server: Integration Test Server (integration-test-server)

✅ Successfully stopped MCP server: Integration Test Server
🔓 Released operation lock for server integration-test-server

            </system-out>
        </testcase>
    </testsuite>
    <testsuite name="tests/utils/SessionManager.test.ts" timestamp="2025-07-05T04:27:07.910Z" hostname="DESKTOP-HR2BSFJ" tests="4" failures="0" errors="0" skipped="0" time="0.010677422">
        <testcase classname="tests/utils/SessionManager.test.ts" name="SessionManager basics &gt; creates a new session and sets it as current" time="0.003706635">
            <system-out>
SessionManager: No app storage found, checking for legacy chat history...
SessionManager: No legacy data found, creating default storage
SessionManager: Cleared all sessions

SessionManager: Created new session: session_1751689627345_jnlrhmam2

            </system-out>
        </testcase>
        <testcase classname="tests/utils/SessionManager.test.ts" name="SessionManager basics &gt; renames an existing session" time="0.001146338">
            <system-out>
SessionManager: Cleared all sessions

SessionManager: Created new session: session_1751689627347_jgroj4qa5
SessionManager: Updated session: session_1751689627347_jgroj4qa5

            </system-out>
        </testcase>
        <testcase classname="tests/utils/SessionManager.test.ts" name="SessionManager basics &gt; prunes old sessions beyond max cap" time="0.002820994">
            <system-out>
SessionManager: Cleared all sessions

SessionManager: Created new session: session_1751689627348_g33ysirxv
SessionManager: Created new session: session_1751689627349_43xs0vyaf
SessionManager: Created new session: session_1751689627349_6o5ohuama
SessionManager: Created new session: session_1751689627349_qbp2s60vq
SessionManager: Created new session: session_1751689627349_6jrtdqi24
SessionManager: Created new session: session_1751689627349_y00b8vozj
SessionManager: Created new session: session_1751689627350_8ov93sfcf
SessionManager: Created new session: session_1751689627350_4kz34sbra
SessionManager: Created new session: session_1751689627350_c6qhz0584
SessionManager: Created new session: session_1751689627350_tihz0lc33
SessionManager: Deleted session: session_1751689627348_g33ysirxv
SessionManager: Deleted session: session_1751689627349_43xs0vyaf
SessionManager: Deleted session: session_1751689627349_6o5ohuama
SessionManager: Deleted session: session_1751689627349_qbp2s60vq
SessionManager: Deleted session: session_1751689627349_6jrtdqi24

            </system-out>
        </testcase>
        <testcase classname="tests/utils/SessionManager.test.ts" name="SessionManager basics &gt; clears all sessions" time="0.001189143">
            <system-out>
SessionManager: Cleared all sessions

SessionManager: Created new session: session_1751689627352_mh5rzpqve
SessionManager: Created new session: session_1751689627352_e6i3necw0
SessionManager: Created new session: session_1751689627352_963z2s2tx
SessionManager: Cleared all sessions

            </system-out>
        </testcase>
    </testsuite>
    <testsuite name="tests/renderer/components/ErrorBoundary.test.tsx" timestamp="2025-07-05T04:27:07.912Z" hostname="DESKTOP-HR2BSFJ" tests="13" failures="0" errors="0" skipped="0" time="0.110331137">
        <testcase classname="tests/renderer/components/ErrorBoundary.test.tsx" name="ErrorBoundary &gt; should render children when there is no error" time="0.019826948">
        </testcase>
        <testcase classname="tests/renderer/components/ErrorBoundary.test.tsx" name="ErrorBoundary &gt; should catch errors and display error UI" time="0.026077362">
            <system-out>
🚨 React Error Boundary: Test

📤 Reported error to main process: error_1751689627595_9wmxawmqr

            </system-out>
            <system-err>
Error: Uncaught [Error: Test error]
    at reportException (/home/galat/projects/Nexus/node_modules/jsdom/lib/jsdom/living/helpers/runtime-script-errors.js:66:24)
    at innerInvokeEventListeners (/home/galat/projects/Nexus/node_modules/jsdom/lib/jsdom/living/events/EventTarget-impl.js:353:9)
    at invokeEventListeners (/home/galat/projects/Nexus/node_modules/jsdom/lib/jsdom/living/events/EventTarget-impl.js:286:3)
    at HTMLUnknownElementImpl._dispatch (/home/galat/projects/Nexus/node_modules/jsdom/lib/jsdom/living/events/EventTarget-impl.js:233:9)
    at HTMLUnknownElementImpl.dispatchEvent (/home/galat/projects/Nexus/node_modules/jsdom/lib/jsdom/living/events/EventTarget-impl.js:104:17)
    at HTMLUnknownElement.dispatchEvent (/home/galat/projects/Nexus/node_modules/jsdom/lib/jsdom/living/generated/EventTarget.js:241:34)
    at Object.invokeGuardedCallbackDev (/home/galat/projects/Nexus/node_modules/react-dom/cjs/react-dom.development.js:4213:16)
    at invokeGuardedCallback (/home/galat/projects/Nexus/node_modules/react-dom/cjs/react-dom.development.js:4277:31)
    at beginWork$1 (/home/galat/projects/Nexus/node_modules/react-dom/cjs/react-dom.development.js:27490:7)
    at performUnitOfWork (/home/galat/projects/Nexus/node_modules/react-dom/cjs/react-dom.development.js:26599:12) Error: Test error
    at ThrowingComponent [90m(/home/galat/projects/Nexus/[39mtests/renderer/components/ErrorBoundary.test.tsx:28:11[90m)[39m
    at renderWithHooks [90m(/home/galat/projects/Nexus/[39mnode_modules/[4mreact-dom[24m/cjs/react-dom.development.js:15486:18[90m)[39m
    at mountIndeterminateComponent [90m(/home/galat/projects/Nexus/[39mnode_modules/[4mreact-dom[24m/cjs/react-dom.development.js:20103:13[90m)[39m
    at beginWork [90m(/home/galat/projects/Nexus/[39mnode_modules/[4mreact-dom[24m/cjs/react-dom.development.js:21626:16[90m)[39m
    at HTMLUnknownElement.callCallback [90m(/home/galat/projects/Nexus/[39mnode_modules/[4mreact-dom[24m/cjs/react-dom.development.js:4164:14[90m)[39m
    at HTMLUnknownElement.callTheUserObjectsOperation [90m(/home/galat/projects/Nexus/[39mnode_modules/[4mjsdom[24m/lib/jsdom/living/generated/EventListener.js:26:30[90m)[39m
    at innerInvokeEventListeners [90m(/home/galat/projects/Nexus/[39mnode_modules/[4mjsdom[24m/lib/jsdom/living/events/EventTarget-impl.js:350:25[90m)[39m
    at invokeEventListeners [90m(/home/galat/projects/Nexus/[39mnode_modules/[4mjsdom[24m/lib/jsdom/living/events/EventTarget-impl.js:286:3[90m)[39m
    at HTMLUnknownElementImpl._dispatch [90m(/home/galat/projects/Nexus/[39mnode_modules/[4mjsdom[24m/lib/jsdom/living/events/EventTarget-impl.js:233:9[90m)[39m
    at HTMLUnknownElementImpl.dispatchEvent [90m(/home/galat/projects/Nexus/[39mnode_modules/[4mjsdom[24m/lib/jsdom/living/events/EventTarget-impl.js:104:17[90m)[39m
Error: Uncaught [Error: Test error]
    at reportException (/home/galat/projects/Nexus/node_modules/jsdom/lib/jsdom/living/helpers/runtime-script-errors.js:66:24)
    at innerInvokeEventListeners (/home/galat/projects/Nexus/node_modules/jsdom/lib/jsdom/living/events/EventTarget-impl.js:353:9)
    at invokeEventListeners (/home/galat/projects/Nexus/node_modules/jsdom/lib/jsdom/living/events/EventTarget-impl.js:286:3)
    at HTMLUnknownElementImpl._dispatch (/home/galat/projects/Nexus/node_modules/jsdom/lib/jsdom/living/events/EventTarget-impl.js:233:9)
    at HTMLUnknownElementImpl.dispatchEvent (/home/galat/projects/Nexus/node_modules/jsdom/lib/jsdom/living/events/EventTarget-impl.js:104:17)
    at HTMLUnknownElement.dispatchEvent (/home/galat/projects/Nexus/node_modules/jsdom/lib/jsdom/living/generated/EventTarget.js:241:34)
    at Object.invokeGuardedCallbackDev (/home/galat/projects/Nexus/node_modules/react-dom/cjs/react-dom.development.js:4213:16)
    at invokeGuardedCallback (/home/galat/projects/Nexus/node_modules/react-dom/cjs/react-dom.development.js:4277:31)
    at beginWork$1 (/home/galat/projects/Nexus/node_modules/react-dom/cjs/react-dom.development.js:27490:7)
    at performUnitOfWork (/home/galat/projects/Nexus/node_modules/react-dom/cjs/react-dom.development.js:26599:12) Error: Test error
    at ThrowingComponent [90m(/home/galat/projects/Nexus/[39mtests/renderer/components/ErrorBoundary.test.tsx:28:11[90m)[39m
    at renderWithHooks [90m(/home/galat/projects/Nexus/[39mnode_modules/[4mreact-dom[24m/cjs/react-dom.development.js:15486:18[90m)[39m
    at mountIndeterminateComponent [90m(/home/galat/projects/Nexus/[39mnode_modules/[4mreact-dom[24m/cjs/react-dom.development.js:20103:13[90m)[39m
    at beginWork [90m(/home/galat/projects/Nexus/[39mnode_modules/[4mreact-dom[24m/cjs/react-dom.development.js:21626:16[90m)[39m
    at HTMLUnknownElement.callCallback [90m(/home/galat/projects/Nexus/[39mnode_modules/[4mreact-dom[24m/cjs/react-dom.development.js:4164:14[90m)[39m
    at HTMLUnknownElement.callTheUserObjectsOperation [90m(/home/galat/projects/Nexus/[39mnode_modules/[4mjsdom[24m/lib/jsdom/living/generated/EventListener.js:26:30[90m)[39m
    at innerInvokeEventListeners [90m(/home/galat/projects/Nexus/[39mnode_modules/[4mjsdom[24m/lib/jsdom/living/events/EventTarget-impl.js:350:25[90m)[39m
    at invokeEventListeners [90m(/home/galat/projects/Nexus/[39mnode_modules/[4mjsdom[24m/lib/jsdom/living/events/EventTarget-impl.js:286:3[90m)[39m
    at HTMLUnknownElementImpl._dispatch [90m(/home/galat/projects/Nexus/[39mnode_modules/[4mjsdom[24m/lib/jsdom/living/events/EventTarget-impl.js:233:9[90m)[39m
    at HTMLUnknownElementImpl.dispatchEvent [90m(/home/galat/projects/Nexus/[39mnode_modules/[4mjsdom[24m/lib/jsdom/living/events/EventTarget-impl.js:104:17[90m)[39m

            </system-err>
        </testcase>
        <testcase classname="tests/renderer/components/ErrorBoundary.test.tsx" name="ErrorBoundary &gt; should display custom fallback when provided" time="0.004190515">
            <system-out>
🚨 React Error Boundary: Test

📤 Reported error to main process: error_1751689627604_lysv059c2

            </system-out>
            <system-err>
Error: Uncaught [Error: Test error]
    at reportException (/home/galat/projects/Nexus/node_modules/jsdom/lib/jsdom/living/helpers/runtime-script-errors.js:66:24)
    at innerInvokeEventListeners (/home/galat/projects/Nexus/node_modules/jsdom/lib/jsdom/living/events/EventTarget-impl.js:353:9)
    at invokeEventListeners (/home/galat/projects/Nexus/node_modules/jsdom/lib/jsdom/living/events/EventTarget-impl.js:286:3)
    at HTMLUnknownElementImpl._dispatch (/home/galat/projects/Nexus/node_modules/jsdom/lib/jsdom/living/events/EventTarget-impl.js:233:9)
    at HTMLUnknownElementImpl.dispatchEvent (/home/galat/projects/Nexus/node_modules/jsdom/lib/jsdom/living/events/EventTarget-impl.js:104:17)
    at HTMLUnknownElement.dispatchEvent (/home/galat/projects/Nexus/node_modules/jsdom/lib/jsdom/living/generated/EventTarget.js:241:34)
    at Object.invokeGuardedCallbackDev (/home/galat/projects/Nexus/node_modules/react-dom/cjs/react-dom.development.js:4213:16)
    at invokeGuardedCallback (/home/galat/projects/Nexus/node_modules/react-dom/cjs/react-dom.development.js:4277:31)
    at beginWork$1 (/home/galat/projects/Nexus/node_modules/react-dom/cjs/react-dom.development.js:27490:7)
    at performUnitOfWork (/home/galat/projects/Nexus/node_modules/react-dom/cjs/react-dom.development.js:26599:12) Error: Test error
    at ThrowingComponent [90m(/home/galat/projects/Nexus/[39mtests/renderer/components/ErrorBoundary.test.tsx:28:11[90m)[39m
    at renderWithHooks [90m(/home/galat/projects/Nexus/[39mnode_modules/[4mreact-dom[24m/cjs/react-dom.development.js:15486:18[90m)[39m
    at mountIndeterminateComponent [90m(/home/galat/projects/Nexus/[39mnode_modules/[4mreact-dom[24m/cjs/react-dom.development.js:20103:13[90m)[39m
    at beginWork [90m(/home/galat/projects/Nexus/[39mnode_modules/[4mreact-dom[24m/cjs/react-dom.development.js:21626:16[90m)[39m
    at HTMLUnknownElement.callCallback [90m(/home/galat/projects/Nexus/[39mnode_modules/[4mreact-dom[24m/cjs/react-dom.development.js:4164:14[90m)[39m
    at HTMLUnknownElement.callTheUserObjectsOperation [90m(/home/galat/projects/Nexus/[39mnode_modules/[4mjsdom[24m/lib/jsdom/living/generated/EventListener.js:26:30[90m)[39m
    at innerInvokeEventListeners [90m(/home/galat/projects/Nexus/[39mnode_modules/[4mjsdom[24m/lib/jsdom/living/events/EventTarget-impl.js:350:25[90m)[39m
    at invokeEventListeners [90m(/home/galat/projects/Nexus/[39mnode_modules/[4mjsdom[24m/lib/jsdom/living/events/EventTarget-impl.js:286:3[90m)[39m
    at HTMLUnknownElementImpl._dispatch [90m(/home/galat/projects/Nexus/[39mnode_modules/[4mjsdom[24m/lib/jsdom/living/events/EventTarget-impl.js:233:9[90m)[39m
    at HTMLUnknownElementImpl.dispatchEvent [90m(/home/galat/projects/Nexus/[39mnode_modules/[4mjsdom[24m/lib/jsdom/living/events/EventTarget-impl.js:104:17[90m)[39m
Error: Uncaught [Error: Test error]
    at reportException (/home/galat/projects/Nexus/node_modules/jsdom/lib/jsdom/living/helpers/runtime-script-errors.js:66:24)
    at innerInvokeEventListeners (/home/galat/projects/Nexus/node_modules/jsdom/lib/jsdom/living/events/EventTarget-impl.js:353:9)
    at invokeEventListeners (/home/galat/projects/Nexus/node_modules/jsdom/lib/jsdom/living/events/EventTarget-impl.js:286:3)
    at HTMLUnknownElementImpl._dispatch (/home/galat/projects/Nexus/node_modules/jsdom/lib/jsdom/living/events/EventTarget-impl.js:233:9)
    at HTMLUnknownElementImpl.dispatchEvent (/home/galat/projects/Nexus/node_modules/jsdom/lib/jsdom/living/events/EventTarget-impl.js:104:17)
    at HTMLUnknownElement.dispatchEvent (/home/galat/projects/Nexus/node_modules/jsdom/lib/jsdom/living/generated/EventTarget.js:241:34)
    at Object.invokeGuardedCallbackDev (/home/galat/projects/Nexus/node_modules/react-dom/cjs/react-dom.development.js:4213:16)
    at invokeGuardedCallback (/home/galat/projects/Nexus/node_modules/react-dom/cjs/react-dom.development.js:4277:31)
    at beginWork$1 (/home/galat/projects/Nexus/node_modules/react-dom/cjs/react-dom.development.js:27490:7)
    at performUnitOfWork (/home/galat/projects/Nexus/node_modules/react-dom/cjs/react-dom.development.js:26599:12) Error: Test error
    at ThrowingComponent [90m(/home/galat/projects/Nexus/[39mtests/renderer/components/ErrorBoundary.test.tsx:28:11[90m)[39m
    at renderWithHooks [90m(/home/galat/projects/Nexus/[39mnode_modules/[4mreact-dom[24m/cjs/react-dom.development.js:15486:18[90m)[39m
    at mountIndeterminateComponent [90m(/home/galat/projects/Nexus/[39mnode_modules/[4mreact-dom[24m/cjs/react-dom.development.js:20103:13[90m)[39m
    at beginWork [90m(/home/galat/projects/Nexus/[39mnode_modules/[4mreact-dom[24m/cjs/react-dom.development.js:21626:16[90m)[39m
    at HTMLUnknownElement.callCallback [90m(/home/galat/projects/Nexus/[39mnode_modules/[4mreact-dom[24m/cjs/react-dom.development.js:4164:14[90m)[39m
    at HTMLUnknownElement.callTheUserObjectsOperation [90m(/home/galat/projects/Nexus/[39mnode_modules/[4mjsdom[24m/lib/jsdom/living/generated/EventListener.js:26:30[90m)[39m
    at innerInvokeEventListeners [90m(/home/galat/projects/Nexus/[39mnode_modules/[4mjsdom[24m/lib/jsdom/living/events/EventTarget-impl.js:350:25[90m)[39m
    at invokeEventListeners [90m(/home/galat/projects/Nexus/[39mnode_modules/[4mjsdom[24m/lib/jsdom/living/events/EventTarget-impl.js:286:3[90m)[39m
    at HTMLUnknownElementImpl._dispatch [90m(/home/galat/projects/Nexus/[39mnode_modules/[4mjsdom[24m/lib/jsdom/living/events/EventTarget-impl.js:233:9[90m)[39m
    at HTMLUnknownElementImpl.dispatchEvent [90m(/home/galat/projects/Nexus/[39mnode_modules/[4mjsdom[24m/lib/jsdom/living/events/EventTarget-impl.js:104:17[90m)[39m

            </system-err>
        </testcase>
        <testcase classname="tests/renderer/components/ErrorBoundary.test.tsx" name="ErrorBoundary &gt; should call onError callback when provided" time="0.008984703">
            <system-out>
🚨 React Error Boundary: Test

📤 Reported error to main process: error_1751689627609_pb91b5ojr

            </system-out>
            <system-err>
Error: Uncaught [Error: Test error]
    at reportException (/home/galat/projects/Nexus/node_modules/jsdom/lib/jsdom/living/helpers/runtime-script-errors.js:66:24)
    at innerInvokeEventListeners (/home/galat/projects/Nexus/node_modules/jsdom/lib/jsdom/living/events/EventTarget-impl.js:353:9)
    at invokeEventListeners (/home/galat/projects/Nexus/node_modules/jsdom/lib/jsdom/living/events/EventTarget-impl.js:286:3)
    at HTMLUnknownElementImpl._dispatch (/home/galat/projects/Nexus/node_modules/jsdom/lib/jsdom/living/events/EventTarget-impl.js:233:9)
    at HTMLUnknownElementImpl.dispatchEvent (/home/galat/projects/Nexus/node_modules/jsdom/lib/jsdom/living/events/EventTarget-impl.js:104:17)
    at HTMLUnknownElement.dispatchEvent (/home/galat/projects/Nexus/node_modules/jsdom/lib/jsdom/living/generated/EventTarget.js:241:34)
    at Object.invokeGuardedCallbackDev (/home/galat/projects/Nexus/node_modules/react-dom/cjs/react-dom.development.js:4213:16)
    at invokeGuardedCallback (/home/galat/projects/Nexus/node_modules/react-dom/cjs/react-dom.development.js:4277:31)
    at beginWork$1 (/home/galat/projects/Nexus/node_modules/react-dom/cjs/react-dom.development.js:27490:7)
    at performUnitOfWork (/home/galat/projects/Nexus/node_modules/react-dom/cjs/react-dom.development.js:26599:12) Error: Test error
    at ThrowingComponent [90m(/home/galat/projects/Nexus/[39mtests/renderer/components/ErrorBoundary.test.tsx:28:11[90m)[39m
    at renderWithHooks [90m(/home/galat/projects/Nexus/[39mnode_modules/[4mreact-dom[24m/cjs/react-dom.development.js:15486:18[90m)[39m
    at mountIndeterminateComponent [90m(/home/galat/projects/Nexus/[39mnode_modules/[4mreact-dom[24m/cjs/react-dom.development.js:20103:13[90m)[39m
    at beginWork [90m(/home/galat/projects/Nexus/[39mnode_modules/[4mreact-dom[24m/cjs/react-dom.development.js:21626:16[90m)[39m
    at HTMLUnknownElement.callCallback [90m(/home/galat/projects/Nexus/[39mnode_modules/[4mreact-dom[24m/cjs/react-dom.development.js:4164:14[90m)[39m
    at HTMLUnknownElement.callTheUserObjectsOperation [90m(/home/galat/projects/Nexus/[39mnode_modules/[4mjsdom[24m/lib/jsdom/living/generated/EventListener.js:26:30[90m)[39m
    at innerInvokeEventListeners [90m(/home/galat/projects/Nexus/[39mnode_modules/[4mjsdom[24m/lib/jsdom/living/events/EventTarget-impl.js:350:25[90m)[39m
    at invokeEventListeners [90m(/home/galat/projects/Nexus/[39mnode_modules/[4mjsdom[24m/lib/jsdom/living/events/EventTarget-impl.js:286:3[90m)[39m
    at HTMLUnknownElementImpl._dispatch [90m(/home/galat/projects/Nexus/[39mnode_modules/[4mjsdom[24m/lib/jsdom/living/events/EventTarget-impl.js:233:9[90m)[39m
    at HTMLUnknownElementImpl.dispatchEvent [90m(/home/galat/projects/Nexus/[39mnode_modules/[4mjsdom[24m/lib/jsdom/living/events/EventTarget-impl.js:104:17[90m)[39m
Error: Uncaught [Error: Test error]
    at reportException (/home/galat/projects/Nexus/node_modules/jsdom/lib/jsdom/living/helpers/runtime-script-errors.js:66:24)
    at innerInvokeEventListeners (/home/galat/projects/Nexus/node_modules/jsdom/lib/jsdom/living/events/EventTarget-impl.js:353:9)
    at invokeEventListeners (/home/galat/projects/Nexus/node_modules/jsdom/lib/jsdom/living/events/EventTarget-impl.js:286:3)
    at HTMLUnknownElementImpl._dispatch (/home/galat/projects/Nexus/node_modules/jsdom/lib/jsdom/living/events/EventTarget-impl.js:233:9)
    at HTMLUnknownElementImpl.dispatchEvent (/home/galat/projects/Nexus/node_modules/jsdom/lib/jsdom/living/events/EventTarget-impl.js:104:17)
    at HTMLUnknownElement.dispatchEvent (/home/galat/projects/Nexus/node_modules/jsdom/lib/jsdom/living/generated/EventTarget.js:241:34)
    at Object.invokeGuardedCallbackDev (/home/galat/projects/Nexus/node_modules/react-dom/cjs/react-dom.development.js:4213:16)
    at invokeGuardedCallback (/home/galat/projects/Nexus/node_modules/react-dom/cjs/react-dom.development.js:4277:31)
    at beginWork$1 (/home/galat/projects/Nexus/node_modules/react-dom/cjs/react-dom.development.js:27490:7)
    at performUnitOfWork (/home/galat/projects/Nexus/node_modules/react-dom/cjs/react-dom.development.js:26599:12) Error: Test error
    at ThrowingComponent [90m(/home/galat/projects/Nexus/[39mtests/renderer/components/ErrorBoundary.test.tsx:28:11[90m)[39m
    at renderWithHooks [90m(/home/galat/projects/Nexus/[39mnode_modules/[4mreact-dom[24m/cjs/react-dom.development.js:15486:18[90m)[39m
    at mountIndeterminateComponent [90m(/home/galat/projects/Nexus/[39mnode_modules/[4mreact-dom[24m/cjs/react-dom.development.js:20103:13[90m)[39m
    at beginWork [90m(/home/galat/projects/Nexus/[39mnode_modules/[4mreact-dom[24m/cjs/react-dom.development.js:21626:16[90m)[39m
    at HTMLUnknownElement.callCallback [90m(/home/galat/projects/Nexus/[39mnode_modules/[4mreact-dom[24m/cjs/react-dom.development.js:4164:14[90m)[39m
    at HTMLUnknownElement.callTheUserObjectsOperation [90m(/home/galat/projects/Nexus/[39mnode_modules/[4mjsdom[24m/lib/jsdom/living/generated/EventListener.js:26:30[90m)[39m
    at innerInvokeEventListeners [90m(/home/galat/projects/Nexus/[39mnode_modules/[4mjsdom[24m/lib/jsdom/living/events/EventTarget-impl.js:350:25[90m)[39m
    at invokeEventListeners [90m(/home/galat/projects/Nexus/[39mnode_modules/[4mjsdom[24m/lib/jsdom/living/events/EventTarget-impl.js:286:3[90m)[39m
    at HTMLUnknownElementImpl._dispatch [90m(/home/galat/projects/Nexus/[39mnode_modules/[4mjsdom[24m/lib/jsdom/living/events/EventTarget-impl.js:233:9[90m)[39m
    at HTMLUnknownElementImpl.dispatchEvent [90m(/home/galat/projects/Nexus/[39mnode_modules/[4mjsdom[24m/lib/jsdom/living/events/EventTarget-impl.js:104:17[90m)[39m

            </system-err>
        </testcase>
        <testcase classname="tests/renderer/components/ErrorBoundary.test.tsx" name="ErrorBoundary &gt; should generate unique error ID" time="0.010224754">
            <system-out>
🚨 React Error Boundary: Test1
🚨 React Error Boundary: Test2
📤 Reported error to main process: error_1751689627620_kk37zhmfz
📤 Reported error to main process: error_1751689627621_xmyqh9f5r

            </system-out>
            <system-err>
Error: Uncaught [Error: Test error]
    at reportException (/home/galat/projects/Nexus/node_modules/jsdom/lib/jsdom/living/helpers/runtime-script-errors.js:66:24)
    at innerInvokeEventListeners (/home/galat/projects/Nexus/node_modules/jsdom/lib/jsdom/living/events/EventTarget-impl.js:353:9)
    at invokeEventListeners (/home/galat/projects/Nexus/node_modules/jsdom/lib/jsdom/living/events/EventTarget-impl.js:286:3)
    at HTMLUnknownElementImpl._dispatch (/home/galat/projects/Nexus/node_modules/jsdom/lib/jsdom/living/events/EventTarget-impl.js:233:9)
    at HTMLUnknownElementImpl.dispatchEvent (/home/galat/projects/Nexus/node_modules/jsdom/lib/jsdom/living/events/EventTarget-impl.js:104:17)
    at HTMLUnknownElement.dispatchEvent (/home/galat/projects/Nexus/node_modules/jsdom/lib/jsdom/living/generated/EventTarget.js:241:34)
    at Object.invokeGuardedCallbackDev (/home/galat/projects/Nexus/node_modules/react-dom/cjs/react-dom.development.js:4213:16)
    at invokeGuardedCallback (/home/galat/projects/Nexus/node_modules/react-dom/cjs/react-dom.development.js:4277:31)
    at beginWork$1 (/home/galat/projects/Nexus/node_modules/react-dom/cjs/react-dom.development.js:27490:7)
    at performUnitOfWork (/home/galat/projects/Nexus/node_modules/react-dom/cjs/react-dom.development.js:26599:12) Error: Test error
    at ThrowingComponent [90m(/home/galat/projects/Nexus/[39mtests/renderer/components/ErrorBoundary.test.tsx:28:11[90m)[39m
    at renderWithHooks [90m(/home/galat/projects/Nexus/[39mnode_modules/[4mreact-dom[24m/cjs/react-dom.development.js:15486:18[90m)[39m
    at mountIndeterminateComponent [90m(/home/galat/projects/Nexus/[39mnode_modules/[4mreact-dom[24m/cjs/react-dom.development.js:20103:13[90m)[39m
    at beginWork [90m(/home/galat/projects/Nexus/[39mnode_modules/[4mreact-dom[24m/cjs/react-dom.development.js:21626:16[90m)[39m
    at HTMLUnknownElement.callCallback [90m(/home/galat/projects/Nexus/[39mnode_modules/[4mreact-dom[24m/cjs/react-dom.development.js:4164:14[90m)[39m
    at HTMLUnknownElement.callTheUserObjectsOperation [90m(/home/galat/projects/Nexus/[39mnode_modules/[4mjsdom[24m/lib/jsdom/living/generated/EventListener.js:26:30[90m)[39m
    at innerInvokeEventListeners [90m(/home/galat/projects/Nexus/[39mnode_modules/[4mjsdom[24m/lib/jsdom/living/events/EventTarget-impl.js:350:25[90m)[39m
    at invokeEventListeners [90m(/home/galat/projects/Nexus/[39mnode_modules/[4mjsdom[24m/lib/jsdom/living/events/EventTarget-impl.js:286:3[90m)[39m
    at HTMLUnknownElementImpl._dispatch [90m(/home/galat/projects/Nexus/[39mnode_modules/[4mjsdom[24m/lib/jsdom/living/events/EventTarget-impl.js:233:9[90m)[39m
    at HTMLUnknownElementImpl.dispatchEvent [90m(/home/galat/projects/Nexus/[39mnode_modules/[4mjsdom[24m/lib/jsdom/living/events/EventTarget-impl.js:104:17[90m)[39m
Error: Uncaught [Error: Test error]
    at reportException (/home/galat/projects/Nexus/node_modules/jsdom/lib/jsdom/living/helpers/runtime-script-errors.js:66:24)
    at innerInvokeEventListeners (/home/galat/projects/Nexus/node_modules/jsdom/lib/jsdom/living/events/EventTarget-impl.js:353:9)
    at invokeEventListeners (/home/galat/projects/Nexus/node_modules/jsdom/lib/jsdom/living/events/EventTarget-impl.js:286:3)
    at HTMLUnknownElementImpl._dispatch (/home/galat/projects/Nexus/node_modules/jsdom/lib/jsdom/living/events/EventTarget-impl.js:233:9)
    at HTMLUnknownElementImpl.dispatchEvent (/home/galat/projects/Nexus/node_modules/jsdom/lib/jsdom/living/events/EventTarget-impl.js:104:17)
    at HTMLUnknownElement.dispatchEvent (/home/galat/projects/Nexus/node_modules/jsdom/lib/jsdom/living/generated/EventTarget.js:241:34)
    at Object.invokeGuardedCallbackDev (/home/galat/projects/Nexus/node_modules/react-dom/cjs/react-dom.development.js:4213:16)
    at invokeGuardedCallback (/home/galat/projects/Nexus/node_modules/react-dom/cjs/react-dom.development.js:4277:31)
    at beginWork$1 (/home/galat/projects/Nexus/node_modules/react-dom/cjs/react-dom.development.js:27490:7)
    at performUnitOfWork (/home/galat/projects/Nexus/node_modules/react-dom/cjs/react-dom.development.js:26599:12) Error: Test error
    at ThrowingComponent [90m(/home/galat/projects/Nexus/[39mtests/renderer/components/ErrorBoundary.test.tsx:28:11[90m)[39m
    at renderWithHooks [90m(/home/galat/projects/Nexus/[39mnode_modules/[4mreact-dom[24m/cjs/react-dom.development.js:15486:18[90m)[39m
    at mountIndeterminateComponent [90m(/home/galat/projects/Nexus/[39mnode_modules/[4mreact-dom[24m/cjs/react-dom.development.js:20103:13[90m)[39m
    at beginWork [90m(/home/galat/projects/Nexus/[39mnode_modules/[4mreact-dom[24m/cjs/react-dom.development.js:21626:16[90m)[39m
    at HTMLUnknownElement.callCallback [90m(/home/galat/projects/Nexus/[39mnode_modules/[4mreact-dom[24m/cjs/react-dom.development.js:4164:14[90m)[39m
    at HTMLUnknownElement.callTheUserObjectsOperation [90m(/home/galat/projects/Nexus/[39mnode_modules/[4mjsdom[24m/lib/jsdom/living/generated/EventListener.js:26:30[90m)[39m
    at innerInvokeEventListeners [90m(/home/galat/projects/Nexus/[39mnode_modules/[4mjsdom[24m/lib/jsdom/living/events/EventTarget-impl.js:350:25[90m)[39m
    at invokeEventListeners [90m(/home/galat/projects/Nexus/[39mnode_modules/[4mjsdom[24m/lib/jsdom/living/events/EventTarget-impl.js:286:3[90m)[39m
    at HTMLUnknownElementImpl._dispatch [90m(/home/galat/projects/Nexus/[39mnode_modules/[4mjsdom[24m/lib/jsdom/living/events/EventTarget-impl.js:233:9[90m)[39m
    at HTMLUnknownElementImpl.dispatchEvent [90m(/home/galat/projects/Nexus/[39mnode_modules/[4mjsdom[24m/lib/jsdom/living/events/EventTarget-impl.js:104:17[90m)[39m
Error: Uncaught [Error: Test error]
    at reportException (/home/galat/projects/Nexus/node_modules/jsdom/lib/jsdom/living/helpers/runtime-script-errors.js:66:24)
    at innerInvokeEventListeners (/home/galat/projects/Nexus/node_modules/jsdom/lib/jsdom/living/events/EventTarget-impl.js:353:9)
    at invokeEventListeners (/home/galat/projects/Nexus/node_modules/jsdom/lib/jsdom/living/events/EventTarget-impl.js:286:3)
    at HTMLUnknownElementImpl._dispatch (/home/galat/projects/Nexus/node_modules/jsdom/lib/jsdom/living/events/EventTarget-impl.js:233:9)
    at HTMLUnknownElementImpl.dispatchEvent (/home/galat/projects/Nexus/node_modules/jsdom/lib/jsdom/living/events/EventTarget-impl.js:104:17)
    at HTMLUnknownElement.dispatchEvent (/home/galat/projects/Nexus/node_modules/jsdom/lib/jsdom/living/generated/EventTarget.js:241:34)
    at Object.invokeGuardedCallbackDev (/home/galat/projects/Nexus/node_modules/react-dom/cjs/react-dom.development.js:4213:16)
    at invokeGuardedCallback (/home/galat/projects/Nexus/node_modules/react-dom/cjs/react-dom.development.js:4277:31)
    at beginWork$1 (/home/galat/projects/Nexus/node_modules/react-dom/cjs/react-dom.development.js:27490:7)
    at performUnitOfWork (/home/galat/projects/Nexus/node_modules/react-dom/cjs/react-dom.development.js:26599:12) Error: Test error
    at ThrowingComponent [90m(/home/galat/projects/Nexus/[39mtests/renderer/components/ErrorBoundary.test.tsx:28:11[90m)[39m
    at renderWithHooks [90m(/home/galat/projects/Nexus/[39mnode_modules/[4mreact-dom[24m/cjs/react-dom.development.js:15486:18[90m)[39m
    at mountIndeterminateComponent [90m(/home/galat/projects/Nexus/[39mnode_modules/[4mreact-dom[24m/cjs/react-dom.development.js:20103:13[90m)[39m
    at beginWork [90m(/home/galat/projects/Nexus/[39mnode_modules/[4mreact-dom[24m/cjs/react-dom.development.js:21626:16[90m)[39m
    at HTMLUnknownElement.callCallback [90m(/home/galat/projects/Nexus/[39mnode_modules/[4mreact-dom[24m/cjs/react-dom.development.js:4164:14[90m)[39m
    at HTMLUnknownElement.callTheUserObjectsOperation [90m(/home/galat/projects/Nexus/[39mnode_modules/[4mjsdom[24m/lib/jsdom/living/generated/EventListener.js:26:30[90m)[39m
    at innerInvokeEventListeners [90m(/home/galat/projects/Nexus/[39mnode_modules/[4mjsdom[24m/lib/jsdom/living/events/EventTarget-impl.js:350:25[90m)[39m
    at invokeEventListeners [90m(/home/galat/projects/Nexus/[39mnode_modules/[4mjsdom[24m/lib/jsdom/living/events/EventTarget-impl.js:286:3[90m)[39m
    at HTMLUnknownElementImpl._dispatch [90m(/home/galat/projects/Nexus/[39mnode_modules/[4mjsdom[24m/lib/jsdom/living/events/EventTarget-impl.js:233:9[90m)[39m
    at HTMLUnknownElementImpl.dispatchEvent [90m(/home/galat/projects/Nexus/[39mnode_modules/[4mjsdom[24m/lib/jsdom/living/events/EventTarget-impl.js:104:17[90m)[39m
Error: Uncaught [Error: Test error]
    at reportException (/home/galat/projects/Nexus/node_modules/jsdom/lib/jsdom/living/helpers/runtime-script-errors.js:66:24)
    at innerInvokeEventListeners (/home/galat/projects/Nexus/node_modules/jsdom/lib/jsdom/living/events/EventTarget-impl.js:353:9)
    at invokeEventListeners (/home/galat/projects/Nexus/node_modules/jsdom/lib/jsdom/living/events/EventTarget-impl.js:286:3)
    at HTMLUnknownElementImpl._dispatch (/home/galat/projects/Nexus/node_modules/jsdom/lib/jsdom/living/events/EventTarget-impl.js:233:9)
    at HTMLUnknownElementImpl.dispatchEvent (/home/galat/projects/Nexus/node_modules/jsdom/lib/jsdom/living/events/EventTarget-impl.js:104:17)
    at HTMLUnknownElement.dispatchEvent (/home/galat/projects/Nexus/node_modules/jsdom/lib/jsdom/living/generated/EventTarget.js:241:34)
    at Object.invokeGuardedCallbackDev (/home/galat/projects/Nexus/node_modules/react-dom/cjs/react-dom.development.js:4213:16)
    at invokeGuardedCallback (/home/galat/projects/Nexus/node_modules/react-dom/cjs/react-dom.development.js:4277:31)
    at beginWork$1 (/home/galat/projects/Nexus/node_modules/react-dom/cjs/react-dom.development.js:27490:7)
    at performUnitOfWork (/home/galat/projects/Nexus/node_modules/react-dom/cjs/react-dom.development.js:26599:12) Error: Test error
    at ThrowingComponent [90m(/home/galat/projects/Nexus/[39mtests/renderer/components/ErrorBoundary.test.tsx:28:11[90m)[39m
    at renderWithHooks [90m(/home/galat/projects/Nexus/[39mnode_modules/[4mreact-dom[24m/cjs/react-dom.development.js:15486:18[90m)[39m
    at mountIndeterminateComponent [90m(/home/galat/projects/Nexus/[39mnode_modules/[4mreact-dom[24m/cjs/react-dom.development.js:20103:13[90m)[39m
    at beginWork [90m(/home/galat/projects/Nexus/[39mnode_modules/[4mreact-dom[24m/cjs/react-dom.development.js:21626:16[90m)[39m
    at HTMLUnknownElement.callCallback [90m(/home/galat/projects/Nexus/[39mnode_modules/[4mreact-dom[24m/cjs/react-dom.development.js:4164:14[90m)[39m
    at HTMLUnknownElement.callTheUserObjectsOperation [90m(/home/galat/projects/Nexus/[39mnode_modules/[4mjsdom[24m/lib/jsdom/living/generated/EventListener.js:26:30[90m)[39m
    at innerInvokeEventListeners [90m(/home/galat/projects/Nexus/[39mnode_modules/[4mjsdom[24m/lib/jsdom/living/events/EventTarget-impl.js:350:25[90m)[39m
    at invokeEventListeners [90m(/home/galat/projects/Nexus/[39mnode_modules/[4mjsdom[24m/lib/jsdom/living/events/EventTarget-impl.js:286:3[90m)[39m
    at HTMLUnknownElementImpl._dispatch [90m(/home/galat/projects/Nexus/[39mnode_modules/[4mjsdom[24m/lib/jsdom/living/events/EventTarget-impl.js:233:9[90m)[39m
    at HTMLUnknownElementImpl.dispatchEvent [90m(/home/galat/projects/Nexus/[39mnode_modules/[4mjsdom[24m/lib/jsdom/living/events/EventTarget-impl.js:104:17[90m)[39m

            </system-err>
        </testcase>
        <testcase classname="tests/renderer/components/ErrorBoundary.test.tsx" name="ErrorBoundary &gt; should report error to main process" time="0.005378818">
            <system-out>
🚨 React Error Boundary: Test

📤 Reported error to main process: error_1751689627628_e1lhy4dgv

            </system-out>
            <system-err>
Error: Uncaught [Error: Test error]
    at reportException (/home/galat/projects/Nexus/node_modules/jsdom/lib/jsdom/living/helpers/runtime-script-errors.js:66:24)
    at innerInvokeEventListeners (/home/galat/projects/Nexus/node_modules/jsdom/lib/jsdom/living/events/EventTarget-impl.js:353:9)
    at invokeEventListeners (/home/galat/projects/Nexus/node_modules/jsdom/lib/jsdom/living/events/EventTarget-impl.js:286:3)
    at HTMLUnknownElementImpl._dispatch (/home/galat/projects/Nexus/node_modules/jsdom/lib/jsdom/living/events/EventTarget-impl.js:233:9)
    at HTMLUnknownElementImpl.dispatchEvent (/home/galat/projects/Nexus/node_modules/jsdom/lib/jsdom/living/events/EventTarget-impl.js:104:17)
    at HTMLUnknownElement.dispatchEvent (/home/galat/projects/Nexus/node_modules/jsdom/lib/jsdom/living/generated/EventTarget.js:241:34)
    at Object.invokeGuardedCallbackDev (/home/galat/projects/Nexus/node_modules/react-dom/cjs/react-dom.development.js:4213:16)
    at invokeGuardedCallback (/home/galat/projects/Nexus/node_modules/react-dom/cjs/react-dom.development.js:4277:31)
    at beginWork$1 (/home/galat/projects/Nexus/node_modules/react-dom/cjs/react-dom.development.js:27490:7)
    at performUnitOfWork (/home/galat/projects/Nexus/node_modules/react-dom/cjs/react-dom.development.js:26599:12) Error: Test error
    at ThrowingComponent [90m(/home/galat/projects/Nexus/[39mtests/renderer/components/ErrorBoundary.test.tsx:28:11[90m)[39m
    at renderWithHooks [90m(/home/galat/projects/Nexus/[39mnode_modules/[4mreact-dom[24m/cjs/react-dom.development.js:15486:18[90m)[39m
    at mountIndeterminateComponent [90m(/home/galat/projects/Nexus/[39mnode_modules/[4mreact-dom[24m/cjs/react-dom.development.js:20103:13[90m)[39m
    at beginWork [90m(/home/galat/projects/Nexus/[39mnode_modules/[4mreact-dom[24m/cjs/react-dom.development.js:21626:16[90m)[39m
    at HTMLUnknownElement.callCallback [90m(/home/galat/projects/Nexus/[39mnode_modules/[4mreact-dom[24m/cjs/react-dom.development.js:4164:14[90m)[39m
    at HTMLUnknownElement.callTheUserObjectsOperation [90m(/home/galat/projects/Nexus/[39mnode_modules/[4mjsdom[24m/lib/jsdom/living/generated/EventListener.js:26:30[90m)[39m
    at innerInvokeEventListeners [90m(/home/galat/projects/Nexus/[39mnode_modules/[4mjsdom[24m/lib/jsdom/living/events/EventTarget-impl.js:350:25[90m)[39m
    at invokeEventListeners [90m(/home/galat/projects/Nexus/[39mnode_modules/[4mjsdom[24m/lib/jsdom/living/events/EventTarget-impl.js:286:3[90m)[39m
    at HTMLUnknownElementImpl._dispatch [90m(/home/galat/projects/Nexus/[39mnode_modules/[4mjsdom[24m/lib/jsdom/living/events/EventTarget-impl.js:233:9[90m)[39m
    at HTMLUnknownElementImpl.dispatchEvent [90m(/home/galat/projects/Nexus/[39mnode_modules/[4mjsdom[24m/lib/jsdom/living/events/EventTarget-impl.js:104:17[90m)[39m
Error: Uncaught [Error: Test error]
    at reportException (/home/galat/projects/Nexus/node_modules/jsdom/lib/jsdom/living/helpers/runtime-script-errors.js:66:24)
    at innerInvokeEventListeners (/home/galat/projects/Nexus/node_modules/jsdom/lib/jsdom/living/events/EventTarget-impl.js:353:9)
    at invokeEventListeners (/home/galat/projects/Nexus/node_modules/jsdom/lib/jsdom/living/events/EventTarget-impl.js:286:3)
    at HTMLUnknownElementImpl._dispatch (/home/galat/projects/Nexus/node_modules/jsdom/lib/jsdom/living/events/EventTarget-impl.js:233:9)
    at HTMLUnknownElementImpl.dispatchEvent (/home/galat/projects/Nexus/node_modules/jsdom/lib/jsdom/living/events/EventTarget-impl.js:104:17)
    at HTMLUnknownElement.dispatchEvent (/home/galat/projects/Nexus/node_modules/jsdom/lib/jsdom/living/generated/EventTarget.js:241:34)
    at Object.invokeGuardedCallbackDev (/home/galat/projects/Nexus/node_modules/react-dom/cjs/react-dom.development.js:4213:16)
    at invokeGuardedCallback (/home/galat/projects/Nexus/node_modules/react-dom/cjs/react-dom.development.js:4277:31)
    at beginWork$1 (/home/galat/projects/Nexus/node_modules/react-dom/cjs/react-dom.development.js:27490:7)
    at performUnitOfWork (/home/galat/projects/Nexus/node_modules/react-dom/cjs/react-dom.development.js:26599:12) Error: Test error
    at ThrowingComponent [90m(/home/galat/projects/Nexus/[39mtests/renderer/components/ErrorBoundary.test.tsx:28:11[90m)[39m
    at renderWithHooks [90m(/home/galat/projects/Nexus/[39mnode_modules/[4mreact-dom[24m/cjs/react-dom.development.js:15486:18[90m)[39m
    at mountIndeterminateComponent [90m(/home/galat/projects/Nexus/[39mnode_modules/[4mreact-dom[24m/cjs/react-dom.development.js:20103:13[90m)[39m
    at beginWork [90m(/home/galat/projects/Nexus/[39mnode_modules/[4mreact-dom[24m/cjs/react-dom.development.js:21626:16[90m)[39m
    at HTMLUnknownElement.callCallback [90m(/home/galat/projects/Nexus/[39mnode_modules/[4mreact-dom[24m/cjs/react-dom.development.js:4164:14[90m)[39m
    at HTMLUnknownElement.callTheUserObjectsOperation [90m(/home/galat/projects/Nexus/[39mnode_modules/[4mjsdom[24m/lib/jsdom/living/generated/EventListener.js:26:30[90m)[39m
    at innerInvokeEventListeners [90m(/home/galat/projects/Nexus/[39mnode_modules/[4mjsdom[24m/lib/jsdom/living/events/EventTarget-impl.js:350:25[90m)[39m
    at invokeEventListeners [90m(/home/galat/projects/Nexus/[39mnode_modules/[4mjsdom[24m/lib/jsdom/living/events/EventTarget-impl.js:286:3[90m)[39m
    at HTMLUnknownElementImpl._dispatch [90m(/home/galat/projects/Nexus/[39mnode_modules/[4mjsdom[24m/lib/jsdom/living/events/EventTarget-impl.js:233:9[90m)[39m
    at HTMLUnknownElementImpl.dispatchEvent [90m(/home/galat/projects/Nexus/[39mnode_modules/[4mjsdom[24m/lib/jsdom/living/events/EventTarget-impl.js:104:17[90m)[39m

            </system-err>
        </testcase>
        <testcase classname="tests/renderer/components/ErrorBoundary.test.tsx" name="ErrorBoundary &gt; should handle error reporting failure gracefully" time="0.005372112">
            <system-out>
🚨 React Error Boundary: Test

            </system-out>
            <system-err>
Error: Uncaught [Error: Test error]
    at reportException (/home/galat/projects/Nexus/node_modules/jsdom/lib/jsdom/living/helpers/runtime-script-errors.js:66:24)
    at innerInvokeEventListeners (/home/galat/projects/Nexus/node_modules/jsdom/lib/jsdom/living/events/EventTarget-impl.js:353:9)
    at invokeEventListeners (/home/galat/projects/Nexus/node_modules/jsdom/lib/jsdom/living/events/EventTarget-impl.js:286:3)
    at HTMLUnknownElementImpl._dispatch (/home/galat/projects/Nexus/node_modules/jsdom/lib/jsdom/living/events/EventTarget-impl.js:233:9)
    at HTMLUnknownElementImpl.dispatchEvent (/home/galat/projects/Nexus/node_modules/jsdom/lib/jsdom/living/events/EventTarget-impl.js:104:17)
    at HTMLUnknownElement.dispatchEvent (/home/galat/projects/Nexus/node_modules/jsdom/lib/jsdom/living/generated/EventTarget.js:241:34)
    at Object.invokeGuardedCallbackDev (/home/galat/projects/Nexus/node_modules/react-dom/cjs/react-dom.development.js:4213:16)
    at invokeGuardedCallback (/home/galat/projects/Nexus/node_modules/react-dom/cjs/react-dom.development.js:4277:31)
    at beginWork$1 (/home/galat/projects/Nexus/node_modules/react-dom/cjs/react-dom.development.js:27490:7)
    at performUnitOfWork (/home/galat/projects/Nexus/node_modules/react-dom/cjs/react-dom.development.js:26599:12) Error: Test error
    at ThrowingComponent [90m(/home/galat/projects/Nexus/[39mtests/renderer/components/ErrorBoundary.test.tsx:28:11[90m)[39m
    at renderWithHooks [90m(/home/galat/projects/Nexus/[39mnode_modules/[4mreact-dom[24m/cjs/react-dom.development.js:15486:18[90m)[39m
    at mountIndeterminateComponent [90m(/home/galat/projects/Nexus/[39mnode_modules/[4mreact-dom[24m/cjs/react-dom.development.js:20103:13[90m)[39m
    at beginWork [90m(/home/galat/projects/Nexus/[39mnode_modules/[4mreact-dom[24m/cjs/react-dom.development.js:21626:16[90m)[39m
    at HTMLUnknownElement.callCallback [90m(/home/galat/projects/Nexus/[39mnode_modules/[4mreact-dom[24m/cjs/react-dom.development.js:4164:14[90m)[39m
    at HTMLUnknownElement.callTheUserObjectsOperation [90m(/home/galat/projects/Nexus/[39mnode_modules/[4mjsdom[24m/lib/jsdom/living/generated/EventListener.js:26:30[90m)[39m
    at innerInvokeEventListeners [90m(/home/galat/projects/Nexus/[39mnode_modules/[4mjsdom[24m/lib/jsdom/living/events/EventTarget-impl.js:350:25[90m)[39m
    at invokeEventListeners [90m(/home/galat/projects/Nexus/[39mnode_modules/[4mjsdom[24m/lib/jsdom/living/events/EventTarget-impl.js:286:3[90m)[39m
    at HTMLUnknownElementImpl._dispatch [90m(/home/galat/projects/Nexus/[39mnode_modules/[4mjsdom[24m/lib/jsdom/living/events/EventTarget-impl.js:233:9[90m)[39m
    at HTMLUnknownElementImpl.dispatchEvent [90m(/home/galat/projects/Nexus/[39mnode_modules/[4mjsdom[24m/lib/jsdom/living/events/EventTarget-impl.js:104:17[90m)[39m
Error: Uncaught [Error: Test error]
    at reportException (/home/galat/projects/Nexus/node_modules/jsdom/lib/jsdom/living/helpers/runtime-script-errors.js:66:24)
    at innerInvokeEventListeners (/home/galat/projects/Nexus/node_modules/jsdom/lib/jsdom/living/events/EventTarget-impl.js:353:9)
    at invokeEventListeners (/home/galat/projects/Nexus/node_modules/jsdom/lib/jsdom/living/events/EventTarget-impl.js:286:3)
    at HTMLUnknownElementImpl._dispatch (/home/galat/projects/Nexus/node_modules/jsdom/lib/jsdom/living/events/EventTarget-impl.js:233:9)
    at HTMLUnknownElementImpl.dispatchEvent (/home/galat/projects/Nexus/node_modules/jsdom/lib/jsdom/living/events/EventTarget-impl.js:104:17)
    at HTMLUnknownElement.dispatchEvent (/home/galat/projects/Nexus/node_modules/jsdom/lib/jsdom/living/generated/EventTarget.js:241:34)
    at Object.invokeGuardedCallbackDev (/home/galat/projects/Nexus/node_modules/react-dom/cjs/react-dom.development.js:4213:16)
    at invokeGuardedCallback (/home/galat/projects/Nexus/node_modules/react-dom/cjs/react-dom.development.js:4277:31)
    at beginWork$1 (/home/galat/projects/Nexus/node_modules/react-dom/cjs/react-dom.development.js:27490:7)
    at performUnitOfWork (/home/galat/projects/Nexus/node_modules/react-dom/cjs/react-dom.development.js:26599:12) Error: Test error
    at ThrowingComponent [90m(/home/galat/projects/Nexus/[39mtests/renderer/components/ErrorBoundary.test.tsx:28:11[90m)[39m
    at renderWithHooks [90m(/home/galat/projects/Nexus/[39mnode_modules/[4mreact-dom[24m/cjs/react-dom.development.js:15486:18[90m)[39m
    at mountIndeterminateComponent [90m(/home/galat/projects/Nexus/[39mnode_modules/[4mreact-dom[24m/cjs/react-dom.development.js:20103:13[90m)[39m
    at beginWork [90m(/home/galat/projects/Nexus/[39mnode_modules/[4mreact-dom[24m/cjs/react-dom.development.js:21626:16[90m)[39m
    at HTMLUnknownElement.callCallback [90m(/home/galat/projects/Nexus/[39mnode_modules/[4mreact-dom[24m/cjs/react-dom.development.js:4164:14[90m)[39m
    at HTMLUnknownElement.callTheUserObjectsOperation [90m(/home/galat/projects/Nexus/[39mnode_modules/[4mjsdom[24m/lib/jsdom/living/generated/EventListener.js:26:30[90m)[39m
    at innerInvokeEventListeners [90m(/home/galat/projects/Nexus/[39mnode_modules/[4mjsdom[24m/lib/jsdom/living/events/EventTarget-impl.js:350:25[90m)[39m
    at invokeEventListeners [90m(/home/galat/projects/Nexus/[39mnode_modules/[4mjsdom[24m/lib/jsdom/living/events/EventTarget-impl.js:286:3[90m)[39m
    at HTMLUnknownElementImpl._dispatch [90m(/home/galat/projects/Nexus/[39mnode_modules/[4mjsdom[24m/lib/jsdom/living/events/EventTarget-impl.js:233:9[90m)[39m
    at HTMLUnknownElementImpl.dispatchEvent [90m(/home/galat/projects/Nexus/[39mnode_modules/[4mjsdom[24m/lib/jsdom/living/events/EventTarget-impl.js:104:17[90m)[39m

            </system-err>
        </testcase>
        <testcase classname="tests/renderer/components/ErrorBoundary.test.tsx" name="ErrorBoundary &gt; should show debug information in development" time="0.004962577">
            <system-out>
🚨 React Error Boundary: Test

📤 Reported error to main process: error_1751689627639_fndk6zhbh

            </system-out>
            <system-err>
Error: Uncaught [Error: Test error]
    at reportException (/home/galat/projects/Nexus/node_modules/jsdom/lib/jsdom/living/helpers/runtime-script-errors.js:66:24)
    at innerInvokeEventListeners (/home/galat/projects/Nexus/node_modules/jsdom/lib/jsdom/living/events/EventTarget-impl.js:353:9)
    at invokeEventListeners (/home/galat/projects/Nexus/node_modules/jsdom/lib/jsdom/living/events/EventTarget-impl.js:286:3)
    at HTMLUnknownElementImpl._dispatch (/home/galat/projects/Nexus/node_modules/jsdom/lib/jsdom/living/events/EventTarget-impl.js:233:9)
    at HTMLUnknownElementImpl.dispatchEvent (/home/galat/projects/Nexus/node_modules/jsdom/lib/jsdom/living/events/EventTarget-impl.js:104:17)
    at HTMLUnknownElement.dispatchEvent (/home/galat/projects/Nexus/node_modules/jsdom/lib/jsdom/living/generated/EventTarget.js:241:34)
    at Object.invokeGuardedCallbackDev (/home/galat/projects/Nexus/node_modules/react-dom/cjs/react-dom.development.js:4213:16)
    at invokeGuardedCallback (/home/galat/projects/Nexus/node_modules/react-dom/cjs/react-dom.development.js:4277:31)
    at beginWork$1 (/home/galat/projects/Nexus/node_modules/react-dom/cjs/react-dom.development.js:27490:7)
    at performUnitOfWork (/home/galat/projects/Nexus/node_modules/react-dom/cjs/react-dom.development.js:26599:12) Error: Test error
    at ThrowingComponent [90m(/home/galat/projects/Nexus/[39mtests/renderer/components/ErrorBoundary.test.tsx:28:11[90m)[39m
    at renderWithHooks [90m(/home/galat/projects/Nexus/[39mnode_modules/[4mreact-dom[24m/cjs/react-dom.development.js:15486:18[90m)[39m
    at mountIndeterminateComponent [90m(/home/galat/projects/Nexus/[39mnode_modules/[4mreact-dom[24m/cjs/react-dom.development.js:20103:13[90m)[39m
    at beginWork [90m(/home/galat/projects/Nexus/[39mnode_modules/[4mreact-dom[24m/cjs/react-dom.development.js:21626:16[90m)[39m
    at HTMLUnknownElement.callCallback [90m(/home/galat/projects/Nexus/[39mnode_modules/[4mreact-dom[24m/cjs/react-dom.development.js:4164:14[90m)[39m
    at HTMLUnknownElement.callTheUserObjectsOperation [90m(/home/galat/projects/Nexus/[39mnode_modules/[4mjsdom[24m/lib/jsdom/living/generated/EventListener.js:26:30[90m)[39m
    at innerInvokeEventListeners [90m(/home/galat/projects/Nexus/[39mnode_modules/[4mjsdom[24m/lib/jsdom/living/events/EventTarget-impl.js:350:25[90m)[39m
    at invokeEventListeners [90m(/home/galat/projects/Nexus/[39mnode_modules/[4mjsdom[24m/lib/jsdom/living/events/EventTarget-impl.js:286:3[90m)[39m
    at HTMLUnknownElementImpl._dispatch [90m(/home/galat/projects/Nexus/[39mnode_modules/[4mjsdom[24m/lib/jsdom/living/events/EventTarget-impl.js:233:9[90m)[39m
    at HTMLUnknownElementImpl.dispatchEvent [90m(/home/galat/projects/Nexus/[39mnode_modules/[4mjsdom[24m/lib/jsdom/living/events/EventTarget-impl.js:104:17[90m)[39m
Error: Uncaught [Error: Test error]
    at reportException (/home/galat/projects/Nexus/node_modules/jsdom/lib/jsdom/living/helpers/runtime-script-errors.js:66:24)
    at innerInvokeEventListeners (/home/galat/projects/Nexus/node_modules/jsdom/lib/jsdom/living/events/EventTarget-impl.js:353:9)
    at invokeEventListeners (/home/galat/projects/Nexus/node_modules/jsdom/lib/jsdom/living/events/EventTarget-impl.js:286:3)
    at HTMLUnknownElementImpl._dispatch (/home/galat/projects/Nexus/node_modules/jsdom/lib/jsdom/living/events/EventTarget-impl.js:233:9)
    at HTMLUnknownElementImpl.dispatchEvent (/home/galat/projects/Nexus/node_modules/jsdom/lib/jsdom/living/events/EventTarget-impl.js:104:17)
    at HTMLUnknownElement.dispatchEvent (/home/galat/projects/Nexus/node_modules/jsdom/lib/jsdom/living/generated/EventTarget.js:241:34)
    at Object.invokeGuardedCallbackDev (/home/galat/projects/Nexus/node_modules/react-dom/cjs/react-dom.development.js:4213:16)
    at invokeGuardedCallback (/home/galat/projects/Nexus/node_modules/react-dom/cjs/react-dom.development.js:4277:31)
    at beginWork$1 (/home/galat/projects/Nexus/node_modules/react-dom/cjs/react-dom.development.js:27490:7)
    at performUnitOfWork (/home/galat/projects/Nexus/node_modules/react-dom/cjs/react-dom.development.js:26599:12) Error: Test error
    at ThrowingComponent [90m(/home/galat/projects/Nexus/[39mtests/renderer/components/ErrorBoundary.test.tsx:28:11[90m)[39m
    at renderWithHooks [90m(/home/galat/projects/Nexus/[39mnode_modules/[4mreact-dom[24m/cjs/react-dom.development.js:15486:18[90m)[39m
    at mountIndeterminateComponent [90m(/home/galat/projects/Nexus/[39mnode_modules/[4mreact-dom[24m/cjs/react-dom.development.js:20103:13[90m)[39m
    at beginWork [90m(/home/galat/projects/Nexus/[39mnode_modules/[4mreact-dom[24m/cjs/react-dom.development.js:21626:16[90m)[39m
    at HTMLUnknownElement.callCallback [90m(/home/galat/projects/Nexus/[39mnode_modules/[4mreact-dom[24m/cjs/react-dom.development.js:4164:14[90m)[39m
    at HTMLUnknownElement.callTheUserObjectsOperation [90m(/home/galat/projects/Nexus/[39mnode_modules/[4mjsdom[24m/lib/jsdom/living/generated/EventListener.js:26:30[90m)[39m
    at innerInvokeEventListeners [90m(/home/galat/projects/Nexus/[39mnode_modules/[4mjsdom[24m/lib/jsdom/living/events/EventTarget-impl.js:350:25[90m)[39m
    at invokeEventListeners [90m(/home/galat/projects/Nexus/[39mnode_modules/[4mjsdom[24m/lib/jsdom/living/events/EventTarget-impl.js:286:3[90m)[39m
    at HTMLUnknownElementImpl._dispatch [90m(/home/galat/projects/Nexus/[39mnode_modules/[4mjsdom[24m/lib/jsdom/living/events/EventTarget-impl.js:233:9[90m)[39m
    at HTMLUnknownElementImpl.dispatchEvent [90m(/home/galat/projects/Nexus/[39mnode_modules/[4mjsdom[24m/lib/jsdom/living/events/EventTarget-impl.js:104:17[90m)[39m

            </system-err>
        </testcase>
        <testcase classname="tests/renderer/components/ErrorBoundary.test.tsx" name="ErrorBoundary &gt; should hide debug information in production" time="0.003888686">
            <system-out>
🚨 React Error Boundary: Test

📤 Reported error to main process: error_1751689627643_6n12dfphz

            </system-out>
            <system-err>
Error: Uncaught [Error: Test error]
    at reportException (/home/galat/projects/Nexus/node_modules/jsdom/lib/jsdom/living/helpers/runtime-script-errors.js:66:24)
    at innerInvokeEventListeners (/home/galat/projects/Nexus/node_modules/jsdom/lib/jsdom/living/events/EventTarget-impl.js:353:9)
    at invokeEventListeners (/home/galat/projects/Nexus/node_modules/jsdom/lib/jsdom/living/events/EventTarget-impl.js:286:3)
    at HTMLUnknownElementImpl._dispatch (/home/galat/projects/Nexus/node_modules/jsdom/lib/jsdom/living/events/EventTarget-impl.js:233:9)
    at HTMLUnknownElementImpl.dispatchEvent (/home/galat/projects/Nexus/node_modules/jsdom/lib/jsdom/living/events/EventTarget-impl.js:104:17)
    at HTMLUnknownElement.dispatchEvent (/home/galat/projects/Nexus/node_modules/jsdom/lib/jsdom/living/generated/EventTarget.js:241:34)
    at Object.invokeGuardedCallbackDev (/home/galat/projects/Nexus/node_modules/react-dom/cjs/react-dom.development.js:4213:16)
    at invokeGuardedCallback (/home/galat/projects/Nexus/node_modules/react-dom/cjs/react-dom.development.js:4277:31)
    at beginWork$1 (/home/galat/projects/Nexus/node_modules/react-dom/cjs/react-dom.development.js:27490:7)
    at performUnitOfWork (/home/galat/projects/Nexus/node_modules/react-dom/cjs/react-dom.development.js:26599:12) Error: Test error
    at ThrowingComponent [90m(/home/galat/projects/Nexus/[39mtests/renderer/components/ErrorBoundary.test.tsx:28:11[90m)[39m
    at renderWithHooks [90m(/home/galat/projects/Nexus/[39mnode_modules/[4mreact-dom[24m/cjs/react-dom.development.js:15486:18[90m)[39m
    at mountIndeterminateComponent [90m(/home/galat/projects/Nexus/[39mnode_modules/[4mreact-dom[24m/cjs/react-dom.development.js:20103:13[90m)[39m
    at beginWork [90m(/home/galat/projects/Nexus/[39mnode_modules/[4mreact-dom[24m/cjs/react-dom.development.js:21626:16[90m)[39m
    at HTMLUnknownElement.callCallback [90m(/home/galat/projects/Nexus/[39mnode_modules/[4mreact-dom[24m/cjs/react-dom.development.js:4164:14[90m)[39m
    at HTMLUnknownElement.callTheUserObjectsOperation [90m(/home/galat/projects/Nexus/[39mnode_modules/[4mjsdom[24m/lib/jsdom/living/generated/EventListener.js:26:30[90m)[39m
    at innerInvokeEventListeners [90m(/home/galat/projects/Nexus/[39mnode_modules/[4mjsdom[24m/lib/jsdom/living/events/EventTarget-impl.js:350:25[90m)[39m
    at invokeEventListeners [90m(/home/galat/projects/Nexus/[39mnode_modules/[4mjsdom[24m/lib/jsdom/living/events/EventTarget-impl.js:286:3[90m)[39m
    at HTMLUnknownElementImpl._dispatch [90m(/home/galat/projects/Nexus/[39mnode_modules/[4mjsdom[24m/lib/jsdom/living/events/EventTarget-impl.js:233:9[90m)[39m
    at HTMLUnknownElementImpl.dispatchEvent [90m(/home/galat/projects/Nexus/[39mnode_modules/[4mjsdom[24m/lib/jsdom/living/events/EventTarget-impl.js:104:17[90m)[39m
Error: Uncaught [Error: Test error]
    at reportException (/home/galat/projects/Nexus/node_modules/jsdom/lib/jsdom/living/helpers/runtime-script-errors.js:66:24)
    at innerInvokeEventListeners (/home/galat/projects/Nexus/node_modules/jsdom/lib/jsdom/living/events/EventTarget-impl.js:353:9)
    at invokeEventListeners (/home/galat/projects/Nexus/node_modules/jsdom/lib/jsdom/living/events/EventTarget-impl.js:286:3)
    at HTMLUnknownElementImpl._dispatch (/home/galat/projects/Nexus/node_modules/jsdom/lib/jsdom/living/events/EventTarget-impl.js:233:9)
    at HTMLUnknownElementImpl.dispatchEvent (/home/galat/projects/Nexus/node_modules/jsdom/lib/jsdom/living/events/EventTarget-impl.js:104:17)
    at HTMLUnknownElement.dispatchEvent (/home/galat/projects/Nexus/node_modules/jsdom/lib/jsdom/living/generated/EventTarget.js:241:34)
    at Object.invokeGuardedCallbackDev (/home/galat/projects/Nexus/node_modules/react-dom/cjs/react-dom.development.js:4213:16)
    at invokeGuardedCallback (/home/galat/projects/Nexus/node_modules/react-dom/cjs/react-dom.development.js:4277:31)
    at beginWork$1 (/home/galat/projects/Nexus/node_modules/react-dom/cjs/react-dom.development.js:27490:7)
    at performUnitOfWork (/home/galat/projects/Nexus/node_modules/react-dom/cjs/react-dom.development.js:26599:12) Error: Test error
    at ThrowingComponent [90m(/home/galat/projects/Nexus/[39mtests/renderer/components/ErrorBoundary.test.tsx:28:11[90m)[39m
    at renderWithHooks [90m(/home/galat/projects/Nexus/[39mnode_modules/[4mreact-dom[24m/cjs/react-dom.development.js:15486:18[90m)[39m
    at mountIndeterminateComponent [90m(/home/galat/projects/Nexus/[39mnode_modules/[4mreact-dom[24m/cjs/react-dom.development.js:20103:13[90m)[39m
    at beginWork [90m(/home/galat/projects/Nexus/[39mnode_modules/[4mreact-dom[24m/cjs/react-dom.development.js:21626:16[90m)[39m
    at HTMLUnknownElement.callCallback [90m(/home/galat/projects/Nexus/[39mnode_modules/[4mreact-dom[24m/cjs/react-dom.development.js:4164:14[90m)[39m
    at HTMLUnknownElement.callTheUserObjectsOperation [90m(/home/galat/projects/Nexus/[39mnode_modules/[4mjsdom[24m/lib/jsdom/living/generated/EventListener.js:26:30[90m)[39m
    at innerInvokeEventListeners [90m(/home/galat/projects/Nexus/[39mnode_modules/[4mjsdom[24m/lib/jsdom/living/events/EventTarget-impl.js:350:25[90m)[39m
    at invokeEventListeners [90m(/home/galat/projects/Nexus/[39mnode_modules/[4mjsdom[24m/lib/jsdom/living/events/EventTarget-impl.js:286:3[90m)[39m
    at HTMLUnknownElementImpl._dispatch [90m(/home/galat/projects/Nexus/[39mnode_modules/[4mjsdom[24m/lib/jsdom/living/events/EventTarget-impl.js:233:9[90m)[39m
    at HTMLUnknownElementImpl.dispatchEvent [90m(/home/galat/projects/Nexus/[39mnode_modules/[4mjsdom[24m/lib/jsdom/living/events/EventTarget-impl.js:104:17[90m)[39m

            </system-err>
        </testcase>
        <testcase classname="tests/renderer/components/ErrorBoundary.test.tsx" name="ComponentErrorBoundary &gt; should render component-specific error message" time="0.003148903">
            <system-out>
🚨 React Error Boundary: TestComponent

📤 Reported error to main process: error_1751689627647_wunsa1oor

            </system-out>
            <system-err>
Error: Uncaught [Error: Test error]
    at reportException (/home/galat/projects/Nexus/node_modules/jsdom/lib/jsdom/living/helpers/runtime-script-errors.js:66:24)
    at innerInvokeEventListeners (/home/galat/projects/Nexus/node_modules/jsdom/lib/jsdom/living/events/EventTarget-impl.js:353:9)
    at invokeEventListeners (/home/galat/projects/Nexus/node_modules/jsdom/lib/jsdom/living/events/EventTarget-impl.js:286:3)
    at HTMLUnknownElementImpl._dispatch (/home/galat/projects/Nexus/node_modules/jsdom/lib/jsdom/living/events/EventTarget-impl.js:233:9)
    at HTMLUnknownElementImpl.dispatchEvent (/home/galat/projects/Nexus/node_modules/jsdom/lib/jsdom/living/events/EventTarget-impl.js:104:17)
    at HTMLUnknownElement.dispatchEvent (/home/galat/projects/Nexus/node_modules/jsdom/lib/jsdom/living/generated/EventTarget.js:241:34)
    at Object.invokeGuardedCallbackDev (/home/galat/projects/Nexus/node_modules/react-dom/cjs/react-dom.development.js:4213:16)
    at invokeGuardedCallback (/home/galat/projects/Nexus/node_modules/react-dom/cjs/react-dom.development.js:4277:31)
    at beginWork$1 (/home/galat/projects/Nexus/node_modules/react-dom/cjs/react-dom.development.js:27490:7)
[...]
        </testcase>
        <testcase classname="tests/main/llm/providers/OllamaProvider.test.ts" name="OllamaProvider &gt; Connection Testing &gt; should handle timeout errors" time="0.000381269">
        </testcase>
        <testcase classname="tests/main/llm/providers/OllamaProvider.test.ts" name="OllamaProvider &gt; Model Management &gt; should get available models successfully" time="0.001144622">
        </testcase>
        <testcase classname="tests/main/llm/providers/OllamaProvider.test.ts" name="OllamaProvider &gt; Model Management &gt; should handle empty model list" time="0.000647837">
        </testcase>
        <testcase classname="tests/main/llm/providers/OllamaProvider.test.ts" name="OllamaProvider &gt; Model Management &gt; should handle missing models property" time="0.000230987">
        </testcase>
        <testcase classname="tests/main/llm/providers/OllamaProvider.test.ts" name="OllamaProvider &gt; Model Management &gt; should handle connection error when getting models" time="0.001058099">
        </testcase>
        <testcase classname="tests/main/llm/providers/OllamaProvider.test.ts" name="OllamaProvider &gt; Model Management &gt; should handle HTTP error when getting models" time="0.000361314">
        </testcase>
        <testcase classname="tests/main/llm/providers/OllamaProvider.test.ts" name="OllamaProvider &gt; Model Management &gt; should format sizes correctly" time="0.000194297">
        </testcase>
        <testcase classname="tests/main/llm/providers/OllamaProvider.test.ts" name="OllamaProvider &gt; Message Sending &gt; should send message successfully" time="0.000861253">
        </testcase>
        <testcase classname="tests/main/llm/providers/OllamaProvider.test.ts" name="OllamaProvider &gt; Message Sending &gt; should send message with custom options" time="0.000456174">
        </testcase>
        <testcase classname="tests/main/llm/providers/OllamaProvider.test.ts" name="OllamaProvider &gt; Message Sending &gt; should send message with tools" time="0.000509197">
        </testcase>
        <testcase classname="tests/main/llm/providers/OllamaProvider.test.ts" name="OllamaProvider &gt; Message Sending &gt; should handle HTTP error when sending message" time="0.000246159">
        </testcase>
        <testcase classname="tests/main/llm/providers/OllamaProvider.test.ts" name="OllamaProvider &gt; Message Sending &gt; should handle network error when sending message" time="0.000358681">
        </testcase>
        <testcase classname="tests/main/llm/providers/OllamaProvider.test.ts" name="OllamaProvider &gt; Message Sending &gt; should handle finish reason based on done status" time="0.000178265">
        </testcase>
        <testcase classname="tests/main/llm/providers/OllamaProvider.test.ts" name="OllamaProvider &gt; Message Streaming &gt; should stream message successfully" time="0.000902916">
        </testcase>
        <testcase classname="tests/main/llm/providers/OllamaProvider.test.ts" name="OllamaProvider &gt; Message Streaming &gt; should handle streaming with custom options" time="0.000351021">
        </testcase>
        <testcase classname="tests/main/llm/providers/OllamaProvider.test.ts" name="OllamaProvider &gt; Message Streaming &gt; should handle HTTP error when streaming" time="0.000238101">
        </testcase>
        <testcase classname="tests/main/llm/providers/OllamaProvider.test.ts" name="OllamaProvider &gt; Message Streaming &gt; should handle missing response body when streaming" time="0.000182422">
        </testcase>
        <testcase classname="tests/main/llm/providers/OllamaProvider.test.ts" name="OllamaProvider &gt; Message Streaming &gt; should handle invalid JSON in streaming response" time="0.000298124">
        </testcase>
        <testcase classname="tests/main/llm/providers/OllamaProvider.test.ts" name="OllamaProvider &gt; Message Streaming &gt; should handle incomplete streaming data" time="0.000531067">
        </testcase>
        <testcase classname="tests/main/llm/providers/OllamaProvider.test.ts" name="OllamaProvider &gt; Message Streaming &gt; should release reader lock even on error" time="0.000329145">
        </testcase>
        <testcase classname="tests/main/llm/providers/OllamaProvider.test.ts" name="OllamaProvider &gt; Model Download &gt; should download model successfully" time="0.000887979">
        </testcase>
        <testcase classname="tests/main/llm/providers/OllamaProvider.test.ts" name="OllamaProvider &gt; Model Download &gt; should download model without progress callback" time="0.00061288">
        </testcase>
        <testcase classname="tests/main/llm/providers/OllamaProvider.test.ts" name="OllamaProvider &gt; Model Download &gt; should handle HTTP error when downloading" time="0.000434452">
        </testcase>
        <testcase classname="tests/main/llm/providers/OllamaProvider.test.ts" name="OllamaProvider &gt; Model Download &gt; should handle missing response body when downloading" time="0.000368548">
        </testcase>
        <testcase classname="tests/main/llm/providers/OllamaProvider.test.ts" name="OllamaProvider &gt; Model Download &gt; should handle invalid JSON in download response" time="0.000558033">
        </testcase>
        <testcase classname="tests/main/llm/providers/OllamaProvider.test.ts" name="OllamaProvider &gt; Model Download &gt; should release reader lock even on download error" time="0.000590638">
        </testcase>
        <testcase classname="tests/main/llm/providers/OllamaProvider.test.ts" name="OllamaProvider &gt; Model Deletion &gt; should delete model successfully" time="0.000805496">
        </testcase>
        <testcase classname="tests/main/llm/providers/OllamaProvider.test.ts" name="OllamaProvider &gt; Model Deletion &gt; should handle HTTP error when deleting model" time="0.000405644">
        </testcase>
        <testcase classname="tests/main/llm/providers/OllamaProvider.test.ts" name="OllamaProvider &gt; Model Deletion &gt; should handle network error when deleting model" time="0.000313985">
        </testcase>
        <testcase classname="tests/main/llm/providers/OllamaProvider.test.ts" name="OllamaProvider &gt; Message Formatting &gt; should format regular messages correctly" time="0.000383715">
        </testcase>
        <testcase classname="tests/main/llm/providers/OllamaProvider.test.ts" name="OllamaProvider &gt; Message Formatting &gt; should format tool response messages correctly" time="0.00021514">
        </testcase>
        <testcase classname="tests/main/llm/providers/OllamaProvider.test.ts" name="OllamaProvider &gt; Message Formatting &gt; should format messages with tool calls correctly" time="0.000288905">
        </testcase>
        <testcase classname="tests/main/llm/providers/OllamaProvider.test.ts" name="OllamaProvider &gt; Error Handling &gt; should handle timeout errors properly" time="0.00020272">
        </testcase>
        <testcase classname="tests/main/llm/providers/OllamaProvider.test.ts" name="OllamaProvider &gt; Error Handling &gt; should handle connection refused errors" time="0.000334608">
        </testcase>
        <testcase classname="tests/main/llm/providers/OllamaProvider.test.ts" name="OllamaProvider &gt; Error Handling &gt; should handle authentication errors" time="0.00017612">
        </testcase>
        <testcase classname="tests/main/llm/providers/OllamaProvider.test.ts" name="OllamaProvider &gt; Error Handling &gt; should handle rate limit errors" time="0.00020551">
        </testcase>
        <testcase classname="tests/main/llm/providers/OllamaProvider.test.ts" name="OllamaProvider &gt; Error Handling &gt; should handle server errors" time="0.000285522">
        </testcase>
        <testcase classname="tests/main/llm/providers/OllamaProvider.test.ts" name="OllamaProvider &gt; Error Handling &gt; should handle unknown errors" time="0.000186583">
        </testcase>
        <testcase classname="tests/main/llm/providers/OllamaProvider.test.ts" name="OllamaProvider &gt; Error Handling &gt; should handle non-Error objects" time="0.000179569">
        </testcase>
    </testsuite>
    <testsuite name="tests/main/llm/providers/OpenRouterProvider.test.ts" timestamp="2025-07-05T04:27:07.991Z" hostname="DESKTOP-HR2BSFJ" tests="46" failures="0" errors="0" skipped="0" time="0.024469299">
        <testcase classname="tests/main/llm/providers/OpenRouterProvider.test.ts" name="OpenRouterProvider &gt; Constructor &gt; should initialize with provided config" time="0.001227984">
        </testcase>
        <testcase classname="tests/main/llm/providers/OpenRouterProvider.test.ts" name="OpenRouterProvider &gt; Connection Testing &gt; should test connection successfully with valid API key" time="0.002428265">
        </testcase>
        <testcase classname="tests/main/llm/providers/OpenRouterProvider.test.ts" name="OpenRouterProvider &gt; Connection Testing &gt; should fail connection test without API key" time="0.001506427">
            <system-out>
Provider config updated: Test OpenRouter

            </system-out>
        </testcase>
        <testcase classname="tests/main/llm/providers/OpenRouterProvider.test.ts" name="OpenRouterProvider &gt; Connection Testing &gt; should handle HTTP errors during connection test" time="0.000295836">
        </testcase>
        <testcase classname="tests/main/llm/providers/OpenRouterProvider.test.ts" name="OpenRouterProvider &gt; Connection Testing &gt; should handle network errors during connection test" time="0.00037622">
        </testcase>
        <testcase classname="tests/main/llm/providers/OpenRouterProvider.test.ts" name="OpenRouterProvider &gt; Connection Testing &gt; should handle timeout during connection test" time="0.000357633">
        </testcase>
        <testcase classname="tests/main/llm/providers/OpenRouterProvider.test.ts" name="OpenRouterProvider &gt; Model Management &gt; should get available models successfully" time="0.001361209">
        </testcase>
        <testcase classname="tests/main/llm/providers/OpenRouterProvider.test.ts" name="OpenRouterProvider &gt; Model Management &gt; should handle models without description" time="0.000490121">
        </testcase>
        <testcase classname="tests/main/llm/providers/OpenRouterProvider.test.ts" name="OpenRouterProvider &gt; Model Management &gt; should handle error when API key is missing" time="0.001854835">
            <system-out>
Provider config updated: Test OpenRouter

            </system-out>
        </testcase>
        <testcase classname="tests/main/llm/providers/OpenRouterProvider.test.ts" name="OpenRouterProvider &gt; Model Management &gt; should handle HTTP error when getting models" time="0.000525906">
        </testcase>
        <testcase classname="tests/main/llm/providers/OpenRouterProvider.test.ts" name="OpenRouterProvider &gt; Model Management &gt; should handle network error when getting models" time="0.000362414">
        </testcase>
        <testcase classname="tests/main/llm/providers/OpenRouterProvider.test.ts" name="OpenRouterProvider &gt; Message Sending &gt; should send message successfully" time="0.001403254">
            <system-out>
OpenRouter: Response received: {
  hasContent: [33mtrue[39m,
  hasToolCalls: [33mfalse[39m,
  toolCallsCount: [33m0[39m,
  toolCalls: [90mundefined[39m,
  finishReason: [32m&apos;stop&apos;[39m
}

            </system-out>
        </testcase>
        <testcase classname="tests/main/llm/providers/OpenRouterProvider.test.ts" name="OpenRouterProvider &gt; Message Sending &gt; should send message with custom options" time="0.000636669">
            <system-out>
OpenRouter: Response received: {
  hasContent: [33mtrue[39m,
  hasToolCalls: [33mfalse[39m,
  toolCallsCount: [33m0[39m,
  toolCalls: [90mundefined[39m,
  finishReason: [32m&apos;stop&apos;[39m
}

            </system-out>
        </testcase>
        <testcase classname="tests/main/llm/providers/OpenRouterProvider.test.ts" name="OpenRouterProvider &gt; Message Sending &gt; should send message with tools" time="0.001118814">
            <system-out>
OpenRouter: Sending tools: { count: [33m1[39m, toolNames: [ [32m&apos;get_weather&apos;[39m ] }

OpenRouter: Response received: {
  hasContent: [33mtrue[39m,
  hasToolCalls: [33mtrue[39m,
  toolCallsCount: [33m1[39m,
  toolCalls: [ { id: [32m&apos;call_123&apos;[39m, type: [32m&apos;function&apos;[39m, function: [36m[Object][39m } ],
  finishReason: [32m&apos;tool_calls&apos;[39m
}

            </system-out>
        </testcase>
        <testcase classname="tests/main/llm/providers/OpenRouterProvider.test.ts" name="OpenRouterProvider &gt; Message Sending &gt; should handle missing API key" time="0.000267">
            <system-out>
Provider config updated: Test OpenRouter

            </system-out>
        </testcase>
        <testcase classname="tests/main/llm/providers/OpenRouterProvider.test.ts" name="OpenRouterProvider &gt; Message Sending &gt; should handle HTTP error response" time="0.00020361">
        </testcase>
        <testcase classname="tests/main/llm/providers/OpenRouterProvider.test.ts" name="OpenRouterProvider &gt; Message Sending &gt; should handle missing choices in response" time="0.000246702">
        </testcase>
        <testcase classname="tests/main/llm/providers/OpenRouterProvider.test.ts" name="OpenRouterProvider &gt; Message Sending &gt; should handle response with empty content" time="0.000239668">
            <system-out>
OpenRouter: Response received: {
  hasContent: [33mfalse[39m,
  hasToolCalls: [33mfalse[39m,
  toolCallsCount: [33m0[39m,
  toolCalls: [90mundefined[39m,
  finishReason: [32m&apos;stop&apos;[39m
}

            </system-out>
        </testcase>
        <testcase classname="tests/main/llm/providers/OpenRouterProvider.test.ts" name="OpenRouterProvider &gt; Message Sending &gt; should handle network error" time="0.000164389">
        </testcase>
        <testcase classname="tests/main/llm/providers/OpenRouterProvider.test.ts" name="OpenRouterProvider &gt; Message Streaming &gt; should stream message successfully" time="0.000601428">
        </testcase>
        <testcase classname="tests/main/llm/providers/OpenRouterProvider.test.ts" name="OpenRouterProvider &gt; Message Streaming &gt; should handle streaming with custom options" time="0.000323982">
        </testcase>
        <testcase classname="tests/main/llm/providers/OpenRouterProvider.test.ts" name="OpenRouterProvider &gt; Message Streaming &gt; should handle missing API key during streaming" time="0.001542851">
            <system-out>
Provider config updated: Test OpenRouter

            </system-out>
        </testcase>
        <testcase classname="tests/main/llm/providers/OpenRouterProvider.test.ts" name="OpenRouterProvider &gt; Message Streaming &gt; should handle HTTP error during streaming" time="0.000783864">
        </testcase>
        <testcase classname="tests/main/llm/providers/OpenRouterProvider.test.ts" name="OpenRouterProvider &gt; Message Streaming &gt; should handle missing response body during streaming" time="0.000291171">
        </testcase>
        <testcase classname="tests/main/llm/providers/OpenRouterProvider.test.ts" name="OpenRouterProvider &gt; Message Streaming &gt; should handle invalid JSON in streaming response" time="0.000724872">
        </testcase>
        <testcase classname="tests/main/llm/providers/OpenRouterProvider.test.ts" name="OpenRouterProvider &gt; Message Streaming &gt; should handle incomplete streaming data" time="0.000327275">
        </testcase>
        <testcase classname="tests/main/llm/providers/OpenRouterProvider.test.ts" name="OpenRouterProvider &gt; Message Streaming &gt; should release reader lock even on error" time="0.000346453">
        </testcase>
        <testcase classname="tests/main/llm/providers/OpenRouterProvider.test.ts" name="OpenRouterProvider &gt; Model Info &gt; should get model info successfully" time="0.000334195">
        </testcase>
        <testcase classname="tests/main/llm/providers/OpenRouterProvider.test.ts" name="OpenRouterProvider &gt; Model Info &gt; should return null for non-existent model" time="0.000151644">
        </testcase>
        <testcase classname="tests/main/llm/providers/OpenRouterProvider.test.ts" name="OpenRouterProvider &gt; Model Info &gt; should handle missing API key" time="0.000245653">
            <system-out>
Provider config updated: Test OpenRouter

            </system-out>
        </testcase>
        <testcase classname="tests/main/llm/providers/OpenRouterProvider.test.ts" name="OpenRouterProvider &gt; Model Info &gt; should handle HTTP errors other than 404" time="0.000095471">
        </testcase>
        <testcase classname="tests/main/llm/providers/OpenRouterProvider.test.ts" name="OpenRouterProvider &gt; Model Info &gt; should handle network errors" time="0.000084585">
        </testcase>
        <testcase classname="tests/main/llm/providers/OpenRouterProvider.test.ts" name="OpenRouterProvider &gt; Credit Balance &gt; should get credit balance successfully" time="0.000453676">
        </testcase>
        <testcase classname="tests/main/llm/providers/OpenRouterProvider.test.ts" name="OpenRouterProvider &gt; Credit Balance &gt; should return null when no API key configured" time="0.000194251">
            <system-out>
Provider config updated: Test OpenRouter

            </system-out>
        </testcase>
        <testcase classname="tests/main/llm/providers/OpenRouterProvider.test.ts" name="OpenRouterProvider &gt; Credit Balance &gt; should return null on HTTP error" time="0.000088546">
        </testcase>
        <testcase classname="tests/main/llm/providers/OpenRouterProvider.test.ts" name="OpenRouterProvider &gt; Credit Balance &gt; should return null when credit_balance is missing" time="0.000078791">
        </testcase>
        <testcase classname="tests/main/llm/providers/OpenRouterProvider.test.ts" name="OpenRouterProvider &gt; Credit Balance &gt; should handle network errors" time="0.000084917">
        </testcase>
        <testcase classname="tests/main/llm/providers/OpenRouterProvider.test.ts" name="OpenRouterProvider &gt; Message Formatting &gt; should format regular messages correctly" time="0.000084966">
        </testcase>
        <testcase classname="tests/main/llm/providers/OpenRouterProvider.test.ts" name="OpenRouterProvider &gt; Message Formatting &gt; should format tool response messages correctly" time="0.000080204">
        </testcase>
        <testcase classname="tests/main/llm/providers/OpenRouterProvider.test.ts" name="OpenRouterProvider &gt; Message Formatting &gt; should format messages with tool calls correctly" time="0.000069422">
        </testcase>
        <testcase classname="tests/main/llm/providers/OpenRouterProvider.test.ts" name="OpenRouterProvider &gt; Error Handling &gt; should handle insufficient credits error" time="0.000123758">
        </testcase>
        <testcase classname="tests/main/llm/providers/OpenRouterProvider.test.ts" name="OpenRouterProvider &gt; Error Handling &gt; should handle rate limit error" time="0.000058947">
        </testcase>
        <testcase classname="tests/main/llm/providers/OpenRouterProvider.test.ts" name="OpenRouterProvider &gt; Error Handling &gt; should handle model validation error" time="0.000091141">
        </testcase>
        <testcase classname="tests/main/llm/providers/OpenRouterProvider.test.ts" name="OpenRouterProvider &gt; Error Handling &gt; should handle timeout errors" time="0.000065267">
        </testcase>
        <testcase classname="tests/main/llm/providers/OpenRouterProvider.test.ts" name="OpenRouterProvider &gt; Error Handling &gt; should handle timeout message errors" time="0.000067698">
        </testcase>
        <testcase classname="tests/main/llm/providers/OpenRouterProvider.test.ts" name="OpenRouterProvider &gt; Error Handling &gt; should fall back to base error handling" time="0.000060614">
        </testcase>
    </testsuite>
</testsuites>
